        -:    0:Source:TestGraph.c++
        -:    0:Programs:1
        -:    1:// ----------------------------
        -:    2:// projects/graph/TestGraph.c++
        -:    3:// Copyright (C) 2014
        -:    4:// Glenn P. Downing
        -:    5:// ----------------------------
        -:    6:
        -:    7:// https://code.google.com/p/googletest/wiki/V1_7_Primer#Basic_Assertions
        -:    8:
        -:    9:/*
        -:   10:Google Test Libraries:
        -:   11:    % ls -al /usr/include/gtest/
        -:   12:    ...
        -:   13:    gtest.h
        -:   14:    ...
        -:   15:
        -:   16:    % locate libgtest.a
        -:   17:    /usr/lib/libgtest.a
        -:   18:
        -:   19:    % locate libpthread.a
        -:   20:    /usr/lib/x86_64-linux-gnu/libpthread.a
        -:   21:    /usr/lib32/libpthread.a
        -:   22:
        -:   23:    % locate libgtest_main.a
        -:   24:    /usr/lib/libgtest_main.a
        -:   25:
        -:   26:To compile the test:
        -:   27:    % g++-4.7 -fprofile-arcs -ftest-coverage -pedantic -std=c++11 -Wall Graph.h TestGraph.c++ -o TestGraph -lgtest -lgtest_main -lpthread
        -:   28:
        -:   29:To run the test:
        -:   30:    % valgrind TestGraph
        -:   31:
        -:   32:To obtain coverage of the test:
        -:   33:    % gcov-4.7 -b Graph.h TestGraph.c++
        -:   34:
        -:   35:
        -:   36:To configure Doxygen:
        -:   37:    % doxygen -g
        -:   38:    That creates the file "Doxyfile".
        -:   39:    Make the following edits:
        -:   40:    EXTRACT_ALL            = YES
        -:   41:    EXTRACT_PRIVATE        = YES
        -:   42:    EXTRACT_STATIC         = YES
        -:   43:    GENERATE_LATEX         = NO
        -:   44:
        -:   45:To document the program:
        -:   46:    % doxygen Doxyfile
        -:   47:
        -:   48:*/
        -:   49:
        -:   50:// --------
        -:   51:// includes
        -:   52:// --------
        -:   53:
        -:   54:#include <iostream> // cout, endl
        -:   55:#include <iterator> // ostream_iterator
        -:   56:#include <sstream>  // ostringstream
        -:   57:#include <utility>  // pair
        -:   58:
        -:   59:#include "boost/graph/adjacency_list.hpp"  // adjacency_list
        -:   60:#include "boost/graph/topological_sort.hpp"// topological_sort
        -:   61:
        -:   62:#include "gtest/gtest.h"
        -:   63:
        -:   64:#include "Graph.h"
        -:   65:
        -:   66:#include <vector>
        -:   67:
        -:   68:using namespace std;
        -:   69:
        -:   70:
        -:   71:
        -:   72:
        -:   73:#define ALL_TYPEDEF     typedef typename TestFixture::graph_type         graph_type;\
        -:   74:                        typedef typename TestFixture::vertex_descriptor  vertex_descriptor;\
        -:   75:                        typedef typename TestFixture::edge_descriptor    edge_descriptor;\
        -:   76:                        typedef typename TestFixture::vertex_iterator    vertex_iterator;\
        -:   77:                        typedef typename TestFixture::edge_iterator      edge_iterator;\
        -:   78:                        typedef typename TestFixture::adjacency_iterator adjacency_iterator;\
        -:   79:                        typedef typename TestFixture::vertices_size_type vertices_size_type;\
        -:   80:                        typedef typename TestFixture::edges_size_type    edges_size_type;
        -:   81:
        -:   82:
        -:   83:// ---------
        -:   84:// TestGraph
        -:   85:// ---------
        -:   86:
        -:   87:template <typename G>
function _ZN9TestGraphIN5boost14adjacency_listINS0_4setSENS0_4vecSENS0_9directedSENS0_11no_propertyES5_S5_NS0_5listSEEEED0Ev called 0 returned 0% blocks executed 0%
function _ZN9TestGraphIN5boost14adjacency_listINS0_4setSENS0_4vecSENS0_9directedSENS0_11no_propertyES5_S5_NS0_5listSEEEED2Ev called 136 returned 100% blocks executed 75%
function _ZN9TestGraphIN5boost14adjacency_listINS0_4setSENS0_4vecSENS0_9directedSENS0_11no_propertyES5_S5_NS0_5listSEEEEC2Ev called 136 returned 100% blocks executed 100%
function _ZN9TestGraphI5GraphED0Ev called 0 returned 0% blocks executed 0%
function _ZN9TestGraphI5GraphED2Ev called 136 returned 100% blocks executed 75%
function _ZN9TestGraphI5GraphEC2Ev called 136 returned 100% blocks executed 100%
      544:   88:struct TestGraph : testing::Test {
call    0 never executed
call    1 never executed
call    2 returned 100%
branch  3 taken 0% (fallthrough)
branch  4 taken 100%
call    5 never executed
call    6 returned 100%
call    7 never executed
call    8 never executed
call    9 returned 100%
branch 10 taken 0% (fallthrough)
branch 11 taken 100%
call   12 never executed
call   13 returned 100%
        -:   89:    // --------
        -:   90:    // typedefs
        -:   91:    // --------
        -:   92:
        -:   93:    typedef          G                     graph_type;
        -:   94:    typedef typename G::vertex_descriptor  vertex_descriptor;
        -:   95:    typedef typename G::edge_descriptor    edge_descriptor;
        -:   96:    typedef typename G::vertex_iterator    vertex_iterator;
        -:   97:    typedef typename G::edge_iterator      edge_iterator;
        -:   98:    typedef typename G::adjacency_iterator adjacency_iterator;
        -:   99:    typedef typename G::vertices_size_type vertices_size_type;
        -:  100:    typedef typename G::edges_size_type    edges_size_type;};
        -:  101:
        -:  102:// directed, sparse, unweighted
        -:  103:// possibly connected
        -:  104:// possibly cyclic
        -:  105:typedef testing::Types<
        -:  106:            boost::adjacency_list<boost::setS, boost::vecS, boost::directedS>,
        -:  107:            Graph>
        -:  108:            my_types;
        -:  109:
        -:  110:TYPED_TEST_CASE(TestGraph, my_types);
        -:  111:
function _ZN27TestGraph_Add_Vertex_1_TestIN5boost14adjacency_listINS0_4setSENS0_4vecSENS0_9directedSENS0_11no_propertyES5_S5_NS0_5listSEEEE8TestBodyEv called 4 returned 100% blocks executed 37%
function _ZN27TestGraph_Add_Vertex_1_TestI5GraphE8TestBodyEv called 4 returned 100% blocks executed 38%
function _ZN27TestGraph_Add_Vertex_1_TestIN5boost14adjacency_listINS0_4setSENS0_4vecSENS0_9directedSENS0_11no_propertyES5_S5_NS0_5listSEEEED0Ev called 4 returned 100% blocks executed 100%
function _ZN27TestGraph_Add_Vertex_1_TestIN5boost14adjacency_listINS0_4setSENS0_4vecSENS0_9directedSENS0_11no_propertyES5_S5_NS0_5listSEEEED2Ev called 4 returned 100% blocks executed 75%
function _ZN27TestGraph_Add_Vertex_1_TestI5GraphED0Ev called 4 returned 100% blocks executed 100%
function _ZN27TestGraph_Add_Vertex_1_TestI5GraphED2Ev called 4 returned 100% blocks executed 75%
function _ZN27TestGraph_Add_Vertex_1_TestIN5boost14adjacency_listINS0_4setSENS0_4vecSENS0_9directedSENS0_11no_propertyES5_S5_NS0_5listSEEEEC2Ev called 4 returned 100% blocks executed 100%
function _ZN27TestGraph_Add_Vertex_1_TestI5GraphEC2Ev called 4 returned 100% blocks executed 100%
       36:  112:TYPED_TEST(TestGraph, Add_Vertex_1) {
call    0 returned 100%
call    1 returned 100%
call    2 returned 100%
branch  3 taken 0% (fallthrough)
branch  4 taken 100%
call    5 never executed
call    6 returned 100%
call    7 returned 100%
call    8 returned 100%
branch  9 taken 0% (fallthrough)
branch 10 taken 100%
call   11 never executed
call   12 returned 100%
call   13 returned 100%
call   14 returned 100%
        -:  113:    ALL_TYPEDEF
        -:  114:
        8:  115:    graph_type g;
branch  0 taken 100% (fallthrough)
branch  1 taken 0% (throw)
call    2 returned 100%
branch  3 taken 100% (fallthrough)
branch  4 taken 0% (throw)
call    5 returned 100%
        -:  116:
        8:  117:    vertex_descriptor vdA = add_vertex(g);
branch  0 taken 100% (fallthrough)
branch  1 taken 0% (throw)
call    2 returned 100%
branch  3 taken 100% (fallthrough)
branch  4 taken 0% (throw)
call    5 returned 100%
        8:  118:    vertex_descriptor vd = vertex(0, g);
call    0 returned 100%
call    1 returned 100%
        8:  119:    ASSERT_EQ(vdA, vd);
branch  0 taken 100% (fallthrough)
branch  1 taken 0% (throw)
call    2 returned 100%
call    3 returned 100%
branch  4 taken 0% (fallthrough)
branch  5 taken 100%
branch  6 never executed
branch  7 never executed
call    8 never executed
branch  9 never executed
branch 10 never executed
call   11 never executed
branch 12 never executed
branch 13 never executed
call   14 never executed
branch 15 never executed
branch 16 never executed
call   17 never executed
branch 18 never executed
branch 19 never executed
call   20 never executed
branch 21 never executed
branch 22 never executed
call   23 never executed
branch 24 taken 100% (fallthrough)
branch 25 taken 0% (throw)
call   26 returned 100%
branch 27 taken 100%
branch 28 taken 0%
call   29 never executed
call   30 never executed
call   31 never executed
branch 32 taken 100% (fallthrough)
branch 33 taken 0% (throw)
call   34 returned 100%
call   35 returned 100%
branch 36 taken 0% (fallthrough)
branch 37 taken 100%
branch 38 never executed
branch 39 never executed
call   40 never executed
branch 41 never executed
branch 42 never executed
call   43 never executed
branch 44 never executed
branch 45 never executed
call   46 never executed
branch 47 never executed
branch 48 never executed
call   49 never executed
branch 50 never executed
branch 51 never executed
call   52 never executed
branch 53 never executed
branch 54 never executed
call   55 never executed
branch 56 taken 100% (fallthrough)
branch 57 taken 0% (throw)
call   58 returned 100%
branch 59 taken 100%
branch 60 taken 0%
call   61 never executed
call   62 never executed
call   63 never executed
        -:  120:
        8:  121:    vertices_size_type vs = num_vertices(g);
branch  0 taken 100% (fallthrough)
branch  1 taken 0% (throw)
call    2 returned 100%
call    3 returned 100%
        8:  122:    ASSERT_EQ(1, vs);
branch  0 taken 100% (fallthrough)
branch  1 taken 0% (throw)
call    2 returned 100%
call    3 returned 100%
branch  4 taken 0% (fallthrough)
branch  5 taken 100%
branch  6 never executed
branch  7 never executed
call    8 never executed
branch  9 never executed
branch 10 never executed
call   11 never executed
branch 12 never executed
branch 13 never executed
call   14 never executed
branch 15 never executed
branch 16 never executed
call   17 never executed
branch 18 never executed
branch 19 never executed
call   20 never executed
branch 21 never executed
branch 22 never executed
call   23 never executed
branch 24 taken 100% (fallthrough)
branch 25 taken 0% (throw)
call   26 returned 100%
branch 27 taken 100%
branch 28 taken 0%
branch 29 taken 100% (fallthrough)
branch 30 taken 0% (throw)
call   31 returned 100%
branch 32 taken 100%
branch 33 taken 0%
call   34 never executed
call   35 never executed
call   36 never executed
call   37 never executed
call   38 never executed
branch 39 taken 100% (fallthrough)
branch 40 taken 0% (throw)
call   41 returned 100%
call   42 returned 100%
branch 43 taken 0% (fallthrough)
branch 44 taken 100%
branch 45 never executed
branch 46 never executed
call   47 never executed
branch 48 never executed
branch 49 never executed
call   50 never executed
branch 51 never executed
branch 52 never executed
call   53 never executed
branch 54 never executed
branch 55 never executed
call   56 never executed
branch 57 never executed
branch 58 never executed
call   59 never executed
branch 60 never executed
branch 61 never executed
call   62 never executed
branch 63 taken 100% (fallthrough)
branch 64 taken 0% (throw)
call   65 returned 100%
branch 66 taken 100%
branch 67 taken 0%
call   68 returned 100%
branch 69 taken 100%
branch 70 taken 0%
call   71 never executed
call   72 never executed
call   73 never executed
call   74 never executed
call   75 never executed
        -:  123:}
        -:  124:
function _ZN27TestGraph_Add_Vertex_2_TestIN5boost14adjacency_listINS0_4setSENS0_4vecSENS0_9directedSENS0_11no_propertyES5_S5_NS0_5listSEEEE8TestBodyEv called 4 returned 100% blocks executed 38%
function _ZN27TestGraph_Add_Vertex_2_TestI5GraphE8TestBodyEv called 4 returned 100% blocks executed 39%
function _ZN27TestGraph_Add_Vertex_2_TestIN5boost14adjacency_listINS0_4setSENS0_4vecSENS0_9directedSENS0_11no_propertyES5_S5_NS0_5listSEEEED0Ev called 4 returned 100% blocks executed 100%
function _ZN27TestGraph_Add_Vertex_2_TestIN5boost14adjacency_listINS0_4setSENS0_4vecSENS0_9directedSENS0_11no_propertyES5_S5_NS0_5listSEEEED2Ev called 4 returned 100% blocks executed 75%
function _ZN27TestGraph_Add_Vertex_2_TestI5GraphED0Ev called 4 returned 100% blocks executed 100%
function _ZN27TestGraph_Add_Vertex_2_TestI5GraphED2Ev called 4 returned 100% blocks executed 75%
function _ZN27TestGraph_Add_Vertex_2_TestIN5boost14adjacency_listINS0_4setSENS0_4vecSENS0_9directedSENS0_11no_propertyES5_S5_NS0_5listSEEEEC2Ev called 4 returned 100% blocks executed 100%
function _ZN27TestGraph_Add_Vertex_2_TestI5GraphEC2Ev called 4 returned 100% blocks executed 100%
       36:  125:TYPED_TEST(TestGraph, Add_Vertex_2) {
call    0 returned 100%
call    1 returned 100%
call    2 returned 100%
branch  3 taken 0% (fallthrough)
branch  4 taken 100%
call    5 never executed
call    6 returned 100%
call    7 returned 100%
call    8 returned 100%
branch  9 taken 0% (fallthrough)
branch 10 taken 100%
call   11 never executed
call   12 returned 100%
call   13 returned 100%
call   14 returned 100%
        -:  126:    ALL_TYPEDEF
        -:  127:
        8:  128:    graph_type g;
branch  0 taken 100% (fallthrough)
branch  1 taken 0% (throw)
call    2 returned 100%
branch  3 taken 100% (fallthrough)
branch  4 taken 0% (throw)
call    5 returned 100%
        -:  129:
        8:  130:    vertex_descriptor vdA = add_vertex(g);
branch  0 taken 100% (fallthrough)
branch  1 taken 0% (throw)
call    2 returned 100%
branch  3 taken 100% (fallthrough)
branch  4 taken 0% (throw)
call    5 returned 100%
        8:  131:    vertex_descriptor vdB = add_vertex(g);
branch  0 taken 100% (fallthrough)
branch  1 taken 0% (throw)
call    2 returned 100%
branch  3 taken 100% (fallthrough)
branch  4 taken 0% (throw)
call    5 returned 100%
        -:  132:
        8:  133:    vertex_descriptor vd = vertex(1, g);
call    0 returned 100%
call    1 returned 100%
        8:  134:    ASSERT_EQ(vdB, vd);
branch  0 taken 100% (fallthrough)
branch  1 taken 0% (throw)
call    2 returned 100%
call    3 returned 100%
branch  4 taken 0% (fallthrough)
branch  5 taken 100%
branch  6 never executed
branch  7 never executed
call    8 never executed
branch  9 never executed
branch 10 never executed
call   11 never executed
branch 12 never executed
branch 13 never executed
call   14 never executed
branch 15 never executed
branch 16 never executed
call   17 never executed
branch 18 never executed
branch 19 never executed
call   20 never executed
branch 21 never executed
branch 22 never executed
call   23 never executed
branch 24 taken 100% (fallthrough)
branch 25 taken 0% (throw)
call   26 returned 100%
branch 27 taken 100%
branch 28 taken 0%
call   29 never executed
call   30 never executed
call   31 never executed
branch 32 taken 100% (fallthrough)
branch 33 taken 0% (throw)
call   34 returned 100%
call   35 returned 100%
branch 36 taken 0% (fallthrough)
branch 37 taken 100%
branch 38 never executed
branch 39 never executed
call   40 never executed
branch 41 never executed
branch 42 never executed
call   43 never executed
branch 44 never executed
branch 45 never executed
call   46 never executed
branch 47 never executed
branch 48 never executed
call   49 never executed
branch 50 never executed
branch 51 never executed
call   52 never executed
branch 53 never executed
branch 54 never executed
call   55 never executed
branch 56 taken 100% (fallthrough)
branch 57 taken 0% (throw)
call   58 returned 100%
branch 59 taken 100%
branch 60 taken 0%
call   61 never executed
call   62 never executed
call   63 never executed
        -:  135:
        8:  136:    vertices_size_type vs = num_vertices(g);
branch  0 taken 100% (fallthrough)
branch  1 taken 0% (throw)
call    2 returned 100%
call    3 returned 100%
        8:  137:    ASSERT_EQ(2, vs);
branch  0 taken 100% (fallthrough)
branch  1 taken 0% (throw)
call    2 returned 100%
call    3 returned 100%
branch  4 taken 0% (fallthrough)
branch  5 taken 100%
branch  6 never executed
branch  7 never executed
call    8 never executed
branch  9 never executed
branch 10 never executed
call   11 never executed
branch 12 never executed
branch 13 never executed
call   14 never executed
branch 15 never executed
branch 16 never executed
call   17 never executed
branch 18 never executed
branch 19 never executed
call   20 never executed
branch 21 never executed
branch 22 never executed
call   23 never executed
branch 24 taken 100% (fallthrough)
branch 25 taken 0% (throw)
call   26 returned 100%
branch 27 taken 100%
branch 28 taken 0%
branch 29 taken 100% (fallthrough)
branch 30 taken 0% (throw)
call   31 returned 100%
branch 32 taken 100%
branch 33 taken 0%
call   34 never executed
call   35 never executed
call   36 never executed
call   37 never executed
call   38 never executed
branch 39 taken 100% (fallthrough)
branch 40 taken 0% (throw)
call   41 returned 100%
call   42 returned 100%
branch 43 taken 0% (fallthrough)
branch 44 taken 100%
branch 45 never executed
branch 46 never executed
call   47 never executed
branch 48 never executed
branch 49 never executed
call   50 never executed
branch 51 never executed
branch 52 never executed
call   53 never executed
branch 54 never executed
branch 55 never executed
call   56 never executed
branch 57 never executed
branch 58 never executed
call   59 never executed
branch 60 never executed
branch 61 never executed
call   62 never executed
branch 63 taken 100% (fallthrough)
branch 64 taken 0% (throw)
call   65 returned 100%
branch 66 taken 100%
branch 67 taken 0%
call   68 returned 100%
branch 69 taken 100%
branch 70 taken 0%
call   71 never executed
call   72 never executed
call   73 never executed
call   74 never executed
call   75 never executed
        -:  138:}
        -:  139:
function _ZN27TestGraph_Add_Vertex_3_TestIN5boost14adjacency_listINS0_4setSENS0_4vecSENS0_9directedSENS0_11no_propertyES5_S5_NS0_5listSEEEE8TestBodyEv called 4 returned 100% blocks executed 40%
function _ZN27TestGraph_Add_Vertex_3_TestI5GraphE8TestBodyEv called 4 returned 100% blocks executed 41%
function _ZN27TestGraph_Add_Vertex_3_TestIN5boost14adjacency_listINS0_4setSENS0_4vecSENS0_9directedSENS0_11no_propertyES5_S5_NS0_5listSEEEED0Ev called 4 returned 100% blocks executed 100%
function _ZN27TestGraph_Add_Vertex_3_TestIN5boost14adjacency_listINS0_4setSENS0_4vecSENS0_9directedSENS0_11no_propertyES5_S5_NS0_5listSEEEED2Ev called 4 returned 100% blocks executed 75%
function _ZN27TestGraph_Add_Vertex_3_TestI5GraphED0Ev called 4 returned 100% blocks executed 100%
function _ZN27TestGraph_Add_Vertex_3_TestI5GraphED2Ev called 4 returned 100% blocks executed 75%
function _ZN27TestGraph_Add_Vertex_3_TestIN5boost14adjacency_listINS0_4setSENS0_4vecSENS0_9directedSENS0_11no_propertyES5_S5_NS0_5listSEEEEC2Ev called 4 returned 100% blocks executed 100%
function _ZN27TestGraph_Add_Vertex_3_TestI5GraphEC2Ev called 4 returned 100% blocks executed 100%
       36:  140:TYPED_TEST(TestGraph, Add_Vertex_3) {
call    0 returned 100%
call    1 returned 100%
call    2 returned 100%
branch  3 taken 0% (fallthrough)
branch  4 taken 100%
call    5 never executed
call    6 returned 100%
call    7 returned 100%
call    8 returned 100%
branch  9 taken 0% (fallthrough)
branch 10 taken 100%
call   11 never executed
call   12 returned 100%
call   13 returned 100%
call   14 returned 100%
        -:  141:    ALL_TYPEDEF
        -:  142:
        8:  143:    graph_type g;
branch  0 taken 100% (fallthrough)
branch  1 taken 0% (throw)
call    2 returned 100%
branch  3 taken 100% (fallthrough)
branch  4 taken 0% (throw)
call    5 returned 100%
        -:  144:
        8:  145:    vertex_descriptor vdA = add_vertex(g);
branch  0 taken 100% (fallthrough)
branch  1 taken 0% (throw)
call    2 returned 100%
branch  3 taken 100% (fallthrough)
branch  4 taken 0% (throw)
call    5 returned 100%
        8:  146:    vertex_descriptor vdB = add_vertex(g);
branch  0 taken 100% (fallthrough)
branch  1 taken 0% (throw)
call    2 returned 100%
branch  3 taken 100% (fallthrough)
branch  4 taken 0% (throw)
call    5 returned 100%
        8:  147:    vertex_descriptor vdE = add_vertex(g);
branch  0 taken 100% (fallthrough)
branch  1 taken 0% (throw)
call    2 returned 100%
branch  3 taken 100% (fallthrough)
branch  4 taken 0% (throw)
call    5 returned 100%
        8:  148:    vertex_descriptor vdD = add_vertex(g);
branch  0 taken 100% (fallthrough)
branch  1 taken 0% (throw)
call    2 returned 100%
branch  3 taken 100% (fallthrough)
branch  4 taken 0% (throw)
call    5 returned 100%
        -:  149:
        8:  150:    vertex_descriptor vd = vertex(3, g);
call    0 returned 100%
call    1 returned 100%
        8:  151:    ASSERT_EQ(vdD, vd);
branch  0 taken 100% (fallthrough)
branch  1 taken 0% (throw)
call    2 returned 100%
call    3 returned 100%
branch  4 taken 0% (fallthrough)
branch  5 taken 100%
branch  6 never executed
branch  7 never executed
call    8 never executed
branch  9 never executed
branch 10 never executed
call   11 never executed
branch 12 never executed
branch 13 never executed
call   14 never executed
branch 15 never executed
branch 16 never executed
call   17 never executed
branch 18 never executed
branch 19 never executed
call   20 never executed
branch 21 never executed
branch 22 never executed
call   23 never executed
branch 24 taken 100% (fallthrough)
branch 25 taken 0% (throw)
call   26 returned 100%
branch 27 taken 100%
branch 28 taken 0%
call   29 never executed
call   30 never executed
call   31 never executed
branch 32 taken 100% (fallthrough)
branch 33 taken 0% (throw)
call   34 returned 100%
call   35 returned 100%
branch 36 taken 0% (fallthrough)
branch 37 taken 100%
branch 38 never executed
branch 39 never executed
call   40 never executed
branch 41 never executed
branch 42 never executed
call   43 never executed
branch 44 never executed
branch 45 never executed
call   46 never executed
branch 47 never executed
branch 48 never executed
call   49 never executed
branch 50 never executed
branch 51 never executed
call   52 never executed
branch 53 never executed
branch 54 never executed
call   55 never executed
branch 56 taken 100% (fallthrough)
branch 57 taken 0% (throw)
call   58 returned 100%
branch 59 taken 100%
branch 60 taken 0%
call   61 never executed
call   62 never executed
call   63 never executed
        -:  152:
        8:  153:    vertices_size_type vs = num_vertices(g);
branch  0 taken 100% (fallthrough)
branch  1 taken 0% (throw)
call    2 returned 100%
call    3 returned 100%
        8:  154:    ASSERT_EQ(4, vs);
branch  0 taken 100% (fallthrough)
branch  1 taken 0% (throw)
call    2 returned 100%
call    3 returned 100%
branch  4 taken 0% (fallthrough)
branch  5 taken 100%
branch  6 never executed
branch  7 never executed
call    8 never executed
branch  9 never executed
branch 10 never executed
call   11 never executed
branch 12 never executed
branch 13 never executed
call   14 never executed
branch 15 never executed
branch 16 never executed
call   17 never executed
branch 18 never executed
branch 19 never executed
call   20 never executed
branch 21 never executed
branch 22 never executed
call   23 never executed
branch 24 taken 100% (fallthrough)
branch 25 taken 0% (throw)
call   26 returned 100%
branch 27 taken 100%
branch 28 taken 0%
branch 29 taken 100% (fallthrough)
branch 30 taken 0% (throw)
call   31 returned 100%
branch 32 taken 100%
branch 33 taken 0%
call   34 never executed
call   35 never executed
call   36 never executed
call   37 never executed
call   38 never executed
branch 39 taken 100% (fallthrough)
branch 40 taken 0% (throw)
call   41 returned 100%
call   42 returned 100%
branch 43 taken 0% (fallthrough)
branch 44 taken 100%
branch 45 never executed
branch 46 never executed
call   47 never executed
branch 48 never executed
branch 49 never executed
call   50 never executed
branch 51 never executed
branch 52 never executed
call   53 never executed
branch 54 never executed
branch 55 never executed
call   56 never executed
branch 57 never executed
branch 58 never executed
call   59 never executed
branch 60 never executed
branch 61 never executed
call   62 never executed
branch 63 taken 100% (fallthrough)
branch 64 taken 0% (throw)
call   65 returned 100%
branch 66 taken 100%
branch 67 taken 0%
call   68 returned 100%
branch 69 taken 100%
branch 70 taken 0%
call   71 never executed
call   72 never executed
call   73 never executed
call   74 never executed
call   75 never executed
        -:  155:}
        -:  156:
function _ZN29TestGraph_Num_Vertices_1_TestIN5boost14adjacency_listINS0_4setSENS0_4vecSENS0_9directedSENS0_11no_propertyES5_S5_NS0_5listSEEEE8TestBodyEv called 4 returned 100% blocks executed 39%
function _ZN29TestGraph_Num_Vertices_1_TestI5GraphE8TestBodyEv called 4 returned 100% blocks executed 40%
function _ZN29TestGraph_Num_Vertices_1_TestIN5boost14adjacency_listINS0_4setSENS0_4vecSENS0_9directedSENS0_11no_propertyES5_S5_NS0_5listSEEEED0Ev called 4 returned 100% blocks executed 100%
function _ZN29TestGraph_Num_Vertices_1_TestIN5boost14adjacency_listINS0_4setSENS0_4vecSENS0_9directedSENS0_11no_propertyES5_S5_NS0_5listSEEEED2Ev called 4 returned 100% blocks executed 75%
function _ZN29TestGraph_Num_Vertices_1_TestI5GraphED0Ev called 4 returned 100% blocks executed 100%
function _ZN29TestGraph_Num_Vertices_1_TestI5GraphED2Ev called 4 returned 100% blocks executed 75%
function _ZN29TestGraph_Num_Vertices_1_TestIN5boost14adjacency_listINS0_4setSENS0_4vecSENS0_9directedSENS0_11no_propertyES5_S5_NS0_5listSEEEEC2Ev called 4 returned 100% blocks executed 100%
function _ZN29TestGraph_Num_Vertices_1_TestI5GraphEC2Ev called 4 returned 100% blocks executed 100%
       36:  157:TYPED_TEST(TestGraph, Num_Vertices_1){
call    0 returned 100%
call    1 returned 100%
call    2 returned 100%
branch  3 taken 0% (fallthrough)
branch  4 taken 100%
call    5 never executed
call    6 returned 100%
call    7 returned 100%
call    8 returned 100%
branch  9 taken 0% (fallthrough)
branch 10 taken 100%
call   11 never executed
call   12 returned 100%
call   13 returned 100%
call   14 returned 100%
        -:  158:    ALL_TYPEDEF
        -:  159:
        8:  160:    graph_type g;    
branch  0 taken 100% (fallthrough)
branch  1 taken 0% (throw)
call    2 returned 100%
branch  3 taken 100% (fallthrough)
branch  4 taken 0% (throw)
call    5 returned 100%
        -:  161:
        8:  162:    vertex_descriptor vdA = add_vertex(g);
branch  0 taken 100% (fallthrough)
branch  1 taken 0% (throw)
call    2 returned 100%
branch  3 taken 100% (fallthrough)
branch  4 taken 0% (throw)
call    5 returned 100%
        8:  163:    ASSERT_EQ(1, num_vertices(g));
branch  0 taken 100% (fallthrough)
branch  1 taken 0% (throw)
call    2 returned 100%
branch  3 taken 100% (fallthrough)
branch  4 taken 0% (throw)
call    5 returned 100%
call    6 returned 100%
branch  7 taken 0% (fallthrough)
branch  8 taken 100%
branch  9 never executed
branch 10 never executed
call   11 never executed
branch 12 never executed
branch 13 never executed
call   14 never executed
branch 15 never executed
branch 16 never executed
call   17 never executed
branch 18 never executed
branch 19 never executed
call   20 never executed
branch 21 never executed
branch 22 never executed
call   23 never executed
branch 24 never executed
branch 25 never executed
call   26 never executed
branch 27 taken 100% (fallthrough)
branch 28 taken 0% (throw)
call   29 returned 100%
branch 30 taken 100%
branch 31 taken 0%
branch 32 taken 100% (fallthrough)
branch 33 taken 0% (throw)
call   34 returned 100%
branch 35 taken 100%
branch 36 taken 0%
call   37 never executed
call   38 never executed
call   39 never executed
call   40 never executed
call   41 never executed
call   42 returned 100%
branch 43 taken 100% (fallthrough)
branch 44 taken 0% (throw)
call   45 returned 100%
call   46 returned 100%
branch 47 taken 0% (fallthrough)
branch 48 taken 100%
branch 49 never executed
branch 50 never executed
call   51 never executed
branch 52 never executed
branch 53 never executed
call   54 never executed
branch 55 never executed
branch 56 never executed
call   57 never executed
branch 58 never executed
branch 59 never executed
call   60 never executed
branch 61 never executed
branch 62 never executed
call   63 never executed
branch 64 never executed
branch 65 never executed
call   66 never executed
branch 67 taken 100% (fallthrough)
branch 68 taken 0% (throw)
call   69 returned 100%
branch 70 taken 100%
branch 71 taken 0%
call   72 returned 100%
branch 73 taken 100%
branch 74 taken 0%
call   75 never executed
call   76 never executed
call   77 never executed
call   78 never executed
call   79 never executed
        -:  164:}
        -:  165:
function _ZN29TestGraph_Num_Vertices_2_TestIN5boost14adjacency_listINS0_4setSENS0_4vecSENS0_9directedSENS0_11no_propertyES5_S5_NS0_5listSEEEE8TestBodyEv called 4 returned 100% blocks executed 45%
function _ZN29TestGraph_Num_Vertices_2_TestI5GraphE8TestBodyEv called 4 returned 100% blocks executed 46%
function _ZN29TestGraph_Num_Vertices_2_TestIN5boost14adjacency_listINS0_4setSENS0_4vecSENS0_9directedSENS0_11no_propertyES5_S5_NS0_5listSEEEED0Ev called 4 returned 100% blocks executed 100%
function _ZN29TestGraph_Num_Vertices_2_TestIN5boost14adjacency_listINS0_4setSENS0_4vecSENS0_9directedSENS0_11no_propertyES5_S5_NS0_5listSEEEED2Ev called 4 returned 100% blocks executed 75%
function _ZN29TestGraph_Num_Vertices_2_TestI5GraphED0Ev called 4 returned 100% blocks executed 100%
function _ZN29TestGraph_Num_Vertices_2_TestI5GraphED2Ev called 4 returned 100% blocks executed 75%
function _ZN29TestGraph_Num_Vertices_2_TestIN5boost14adjacency_listINS0_4setSENS0_4vecSENS0_9directedSENS0_11no_propertyES5_S5_NS0_5listSEEEEC2Ev called 4 returned 100% blocks executed 100%
function _ZN29TestGraph_Num_Vertices_2_TestI5GraphEC2Ev called 4 returned 100% blocks executed 100%
       36:  166:TYPED_TEST(TestGraph, Num_Vertices_2){
call    0 returned 100%
call    1 returned 100%
call    2 returned 100%
branch  3 taken 0% (fallthrough)
branch  4 taken 100%
call    5 never executed
call    6 returned 100%
call    7 returned 100%
call    8 returned 100%
branch  9 taken 0% (fallthrough)
branch 10 taken 100%
call   11 never executed
call   12 returned 100%
call   13 returned 100%
call   14 returned 100%
        -:  167:    ALL_TYPEDEF
        -:  168:
        8:  169:    graph_type g;    
branch  0 taken 100% (fallthrough)
branch  1 taken 0% (throw)
call    2 returned 100%
branch  3 taken 100% (fallthrough)
branch  4 taken 0% (throw)
call    5 returned 100%
        -:  170:
        8:  171:    vertex_descriptor vdA = add_vertex(g);
branch  0 taken 100% (fallthrough)
branch  1 taken 0% (throw)
call    2 returned 100%
branch  3 taken 100% (fallthrough)
branch  4 taken 0% (throw)
call    5 returned 100%
        8:  172:    vertex_descriptor vdB = add_vertex(g);
branch  0 taken 100% (fallthrough)
branch  1 taken 0% (throw)
call    2 returned 100%
branch  3 taken 100% (fallthrough)
branch  4 taken 0% (throw)
call    5 returned 100%
        8:  173:    vertex_descriptor vdC = add_vertex(g);
branch  0 taken 100% (fallthrough)
branch  1 taken 0% (throw)
call    2 returned 100%
branch  3 taken 100% (fallthrough)
branch  4 taken 0% (throw)
call    5 returned 100%
        8:  174:    vertex_descriptor vdE = add_vertex(g);
branch  0 taken 100% (fallthrough)
branch  1 taken 0% (throw)
call    2 returned 100%
branch  3 taken 100% (fallthrough)
branch  4 taken 0% (throw)
call    5 returned 100%
        8:  175:    vertex_descriptor vdD = add_vertex(g);
branch  0 taken 100% (fallthrough)
branch  1 taken 0% (throw)
call    2 returned 100%
branch  3 taken 100% (fallthrough)
branch  4 taken 0% (throw)
call    5 returned 100%
        8:  176:    ASSERT_EQ(5, num_vertices(g));
branch  0 taken 100% (fallthrough)
branch  1 taken 0% (throw)
call    2 returned 100%
branch  3 taken 100% (fallthrough)
branch  4 taken 0% (throw)
call    5 returned 100%
call    6 returned 100%
branch  7 taken 0% (fallthrough)
branch  8 taken 100%
branch  9 never executed
branch 10 never executed
call   11 never executed
branch 12 never executed
branch 13 never executed
call   14 never executed
branch 15 never executed
branch 16 never executed
call   17 never executed
branch 18 never executed
branch 19 never executed
call   20 never executed
branch 21 never executed
branch 22 never executed
call   23 never executed
branch 24 never executed
branch 25 never executed
call   26 never executed
branch 27 taken 100% (fallthrough)
branch 28 taken 0% (throw)
call   29 returned 100%
branch 30 taken 100%
branch 31 taken 0%
branch 32 taken 100% (fallthrough)
branch 33 taken 0% (throw)
call   34 returned 100%
branch 35 taken 100%
branch 36 taken 0%
call   37 never executed
call   38 never executed
call   39 never executed
call   40 never executed
call   41 never executed
call   42 returned 100%
branch 43 taken 100% (fallthrough)
branch 44 taken 0% (throw)
call   45 returned 100%
call   46 returned 100%
branch 47 taken 0% (fallthrough)
branch 48 taken 100%
branch 49 never executed
branch 50 never executed
call   51 never executed
branch 52 never executed
branch 53 never executed
call   54 never executed
branch 55 never executed
branch 56 never executed
call   57 never executed
branch 58 never executed
branch 59 never executed
call   60 never executed
branch 61 never executed
branch 62 never executed
call   63 never executed
branch 64 never executed
branch 65 never executed
call   66 never executed
branch 67 taken 100% (fallthrough)
branch 68 taken 0% (throw)
call   69 returned 100%
branch 70 taken 100%
branch 71 taken 0%
call   72 returned 100%
branch 73 taken 100%
branch 74 taken 0%
call   75 never executed
call   76 never executed
call   77 never executed
call   78 never executed
call   79 never executed
        -:  177:}
        -:  178:
function _ZN29TestGraph_Num_Vertices_3_TestIN5boost14adjacency_listINS0_4setSENS0_4vecSENS0_9directedSENS0_11no_propertyES5_S5_NS0_5listSEEEE8TestBodyEv called 4 returned 100% blocks executed 44%
function _ZN29TestGraph_Num_Vertices_3_TestI5GraphE8TestBodyEv called 4 returned 100% blocks executed 45%
function _ZN29TestGraph_Num_Vertices_3_TestIN5boost14adjacency_listINS0_4setSENS0_4vecSENS0_9directedSENS0_11no_propertyES5_S5_NS0_5listSEEEED0Ev called 4 returned 100% blocks executed 100%
function _ZN29TestGraph_Num_Vertices_3_TestIN5boost14adjacency_listINS0_4setSENS0_4vecSENS0_9directedSENS0_11no_propertyES5_S5_NS0_5listSEEEED2Ev called 4 returned 100% blocks executed 75%
function _ZN29TestGraph_Num_Vertices_3_TestI5GraphED0Ev called 4 returned 100% blocks executed 100%
function _ZN29TestGraph_Num_Vertices_3_TestI5GraphED2Ev called 4 returned 100% blocks executed 75%
function _ZN29TestGraph_Num_Vertices_3_TestIN5boost14adjacency_listINS0_4setSENS0_4vecSENS0_9directedSENS0_11no_propertyES5_S5_NS0_5listSEEEEC2Ev called 4 returned 100% blocks executed 100%
function _ZN29TestGraph_Num_Vertices_3_TestI5GraphEC2Ev called 4 returned 100% blocks executed 100%
       36:  179:TYPED_TEST(TestGraph, Num_Vertices_3){
call    0 returned 100%
call    1 returned 100%
call    2 returned 100%
branch  3 taken 0% (fallthrough)
branch  4 taken 100%
call    5 never executed
call    6 returned 100%
call    7 returned 100%
call    8 returned 100%
branch  9 taken 0% (fallthrough)
branch 10 taken 100%
call   11 never executed
call   12 returned 100%
call   13 returned 100%
call   14 returned 100%
        -:  180:    ALL_TYPEDEF
        -:  181:
        8:  182:    graph_type g;    
branch  0 taken 100% (fallthrough)
branch  1 taken 0% (throw)
call    2 returned 100%
branch  3 taken 100% (fallthrough)
branch  4 taken 0% (throw)
call    5 returned 100%
        -:  183:
    40008:  184:    for(int i = 0; i < 5000; i++){
branch  0 taken 99%
branch  1 taken 1% (fallthrough)
branch  2 taken 99%
branch  3 taken 1% (fallthrough)
    40000:  185:        vertex_descriptor vdA = add_vertex(g);    
branch  0 taken 100% (fallthrough)
branch  1 taken 0% (throw)
call    2 returned 100%
branch  3 taken 100% (fallthrough)
branch  4 taken 0% (throw)
call    5 returned 100%
        -:  186:    }
        8:  187:    ASSERT_EQ(5000, num_vertices(g));
branch  0 taken 100% (fallthrough)
branch  1 taken 0% (throw)
call    2 returned 100%
branch  3 taken 100% (fallthrough)
branch  4 taken 0% (throw)
call    5 returned 100%
call    6 returned 100%
branch  7 taken 0% (fallthrough)
branch  8 taken 100%
branch  9 never executed
branch 10 never executed
call   11 never executed
branch 12 never executed
branch 13 never executed
call   14 never executed
branch 15 never executed
branch 16 never executed
call   17 never executed
branch 18 never executed
branch 19 never executed
call   20 never executed
branch 21 never executed
branch 22 never executed
call   23 never executed
branch 24 never executed
branch 25 never executed
call   26 never executed
branch 27 taken 100% (fallthrough)
branch 28 taken 0% (throw)
call   29 returned 100%
branch 30 taken 100%
branch 31 taken 0%
branch 32 taken 100% (fallthrough)
branch 33 taken 0% (throw)
call   34 returned 100%
branch 35 taken 100%
branch 36 taken 0%
call   37 never executed
call   38 never executed
call   39 never executed
call   40 never executed
call   41 never executed
call   42 returned 100%
branch 43 taken 100% (fallthrough)
branch 44 taken 0% (throw)
call   45 returned 100%
call   46 returned 100%
branch 47 taken 0% (fallthrough)
branch 48 taken 100%
branch 49 never executed
branch 50 never executed
call   51 never executed
branch 52 never executed
branch 53 never executed
call   54 never executed
branch 55 never executed
branch 56 never executed
call   57 never executed
branch 58 never executed
branch 59 never executed
call   60 never executed
branch 61 never executed
branch 62 never executed
call   63 never executed
branch 64 never executed
branch 65 never executed
call   66 never executed
branch 67 taken 100% (fallthrough)
branch 68 taken 0% (throw)
call   69 returned 100%
branch 70 taken 100%
branch 71 taken 0%
call   72 returned 100%
branch 73 taken 100%
branch 74 taken 0%
call   75 never executed
call   76 never executed
call   77 never executed
call   78 never executed
call   79 never executed
        -:  188:}
        -:  189:
        -:  190:
function _ZN25TestGraph_Add_Edge_1_TestIN5boost14adjacency_listINS0_4setSENS0_4vecSENS0_9directedSENS0_11no_propertyES5_S5_NS0_5listSEEEE8TestBodyEv called 4 returned 100% blocks executed 33%
function _ZN25TestGraph_Add_Edge_1_TestI5GraphE8TestBodyEv called 4 returned 100% blocks executed 33%
function _ZN25TestGraph_Add_Edge_1_TestIN5boost14adjacency_listINS0_4setSENS0_4vecSENS0_9directedSENS0_11no_propertyES5_S5_NS0_5listSEEEED0Ev called 4 returned 100% blocks executed 100%
function _ZN25TestGraph_Add_Edge_1_TestIN5boost14adjacency_listINS0_4setSENS0_4vecSENS0_9directedSENS0_11no_propertyES5_S5_NS0_5listSEEEED2Ev called 4 returned 100% blocks executed 75%
function _ZN25TestGraph_Add_Edge_1_TestI5GraphED0Ev called 4 returned 100% blocks executed 100%
function _ZN25TestGraph_Add_Edge_1_TestI5GraphED2Ev called 4 returned 100% blocks executed 75%
function _ZN25TestGraph_Add_Edge_1_TestIN5boost14adjacency_listINS0_4setSENS0_4vecSENS0_9directedSENS0_11no_propertyES5_S5_NS0_5listSEEEEC2Ev called 4 returned 100% blocks executed 100%
function _ZN25TestGraph_Add_Edge_1_TestI5GraphEC2Ev called 4 returned 100% blocks executed 100%
       36:  191:TYPED_TEST(TestGraph, Add_Edge_1) {
call    0 returned 100%
call    1 returned 100%
call    2 returned 100%
branch  3 taken 0% (fallthrough)
branch  4 taken 100%
call    5 never executed
call    6 returned 100%
call    7 returned 100%
call    8 returned 100%
branch  9 taken 0% (fallthrough)
branch 10 taken 100%
call   11 never executed
call   12 returned 100%
call   13 returned 100%
call   14 returned 100%
        -:  192:    ALL_TYPEDEF
        -:  193:
        8:  194:    graph_type g;
branch  0 taken 100% (fallthrough)
branch  1 taken 0% (throw)
call    2 returned 100%
branch  3 taken 100% (fallthrough)
branch  4 taken 0% (throw)
call    5 returned 100%
        -:  195:
        8:  196:    vertex_descriptor vdA = add_vertex(g);
branch  0 taken 100% (fallthrough)
branch  1 taken 0% (throw)
call    2 returned 100%
branch  3 taken 100% (fallthrough)
branch  4 taken 0% (throw)
call    5 returned 100%
        8:  197:    vertex_descriptor vdB = add_vertex(g);
branch  0 taken 100% (fallthrough)
branch  1 taken 0% (throw)
call    2 returned 100%
branch  3 taken 100% (fallthrough)
branch  4 taken 0% (throw)
call    5 returned 100%
        -:  198:
        8:  199:    edge_descriptor edAB = add_edge(vdA, vdB, g).first;
branch  0 taken 100% (fallthrough)
branch  1 taken 0% (throw)
call    2 returned 100%
branch  3 taken 100% (fallthrough)
branch  4 taken 0% (throw)
call    5 returned 100%
        -:  200:
        8:  201:    pair<edge_descriptor, bool> p1 = add_edge(vdA, vdB, g);
branch  0 taken 100% (fallthrough)
branch  1 taken 0% (throw)
call    2 returned 100%
branch  3 taken 100% (fallthrough)
branch  4 taken 0% (throw)
call    5 returned 100%
        8:  202:    ASSERT_EQ(edAB,  p1.first);
branch  0 taken 100% (fallthrough)
branch  1 taken 0% (throw)
call    2 returned 100%
call    3 returned 100%
branch  4 taken 0% (fallthrough)
branch  5 taken 100%
branch  6 never executed
branch  7 never executed
call    8 never executed
branch  9 never executed
branch 10 never executed
call   11 never executed
branch 12 never executed
branch 13 never executed
call   14 never executed
branch 15 never executed
branch 16 never executed
call   17 never executed
branch 18 never executed
branch 19 never executed
call   20 never executed
branch 21 never executed
branch 22 never executed
call   23 never executed
branch 24 taken 100% (fallthrough)
branch 25 taken 0% (throw)
call   26 returned 100%
branch 27 taken 100%
branch 28 taken 0%
call   29 never executed
call   30 never executed
call   31 never executed
branch 32 taken 100% (fallthrough)
branch 33 taken 0% (throw)
call   34 returned 100%
call   35 returned 100%
branch 36 taken 0% (fallthrough)
branch 37 taken 100%
branch 38 never executed
branch 39 never executed
call   40 never executed
branch 41 never executed
branch 42 never executed
call   43 never executed
branch 44 never executed
branch 45 never executed
call   46 never executed
branch 47 never executed
branch 48 never executed
call   49 never executed
branch 50 never executed
branch 51 never executed
call   52 never executed
branch 53 never executed
branch 54 never executed
call   55 never executed
branch 56 taken 100% (fallthrough)
branch 57 taken 0% (throw)
call   58 returned 100%
branch 59 taken 100%
branch 60 taken 0%
call   61 never executed
call   62 never executed
call   63 never executed
        8:  203:    ASSERT_EQ(false, p1.second);
branch  0 taken 100% (fallthrough)
branch  1 taken 0% (throw)
call    2 returned 100%
call    3 returned 100%
branch  4 taken 0% (fallthrough)
branch  5 taken 100%
branch  6 never executed
branch  7 never executed
call    8 never executed
branch  9 never executed
branch 10 never executed
call   11 never executed
branch 12 never executed
branch 13 never executed
call   14 never executed
branch 15 never executed
branch 16 never executed
call   17 never executed
branch 18 never executed
branch 19 never executed
call   20 never executed
branch 21 never executed
branch 22 never executed
call   23 never executed
branch 24 taken 100% (fallthrough)
branch 25 taken 0% (throw)
call   26 returned 100%
branch 27 taken 100%
branch 28 taken 0%
call   29 never executed
call   30 never executed
call   31 never executed
branch 32 taken 100% (fallthrough)
branch 33 taken 0% (throw)
call   34 returned 100%
call   35 returned 100%
branch 36 taken 0% (fallthrough)
branch 37 taken 100%
branch 38 never executed
branch 39 never executed
call   40 never executed
branch 41 never executed
branch 42 never executed
call   43 never executed
branch 44 never executed
branch 45 never executed
call   46 never executed
branch 47 never executed
branch 48 never executed
call   49 never executed
branch 50 never executed
branch 51 never executed
call   52 never executed
branch 53 never executed
branch 54 never executed
call   55 never executed
branch 56 taken 100% (fallthrough)
branch 57 taken 0% (throw)
call   58 returned 100%
branch 59 taken 100%
branch 60 taken 0%
call   61 never executed
call   62 never executed
call   63 never executed
        -:  204:
        8:  205:    pair<edge_descriptor, bool> p2 = edge(vdA, vdB, g);
branch  0 taken 100% (fallthrough)
branch  1 taken 0% (throw)
call    2 returned 100%
branch  3 taken 100% (fallthrough)
branch  4 taken 0% (throw)
call    5 returned 100%
        8:  206:    ASSERT_EQ(edAB, p2.first);
branch  0 taken 100% (fallthrough)
branch  1 taken 0% (throw)
call    2 returned 100%
call    3 returned 100%
branch  4 taken 0% (fallthrough)
branch  5 taken 100%
branch  6 never executed
branch  7 never executed
call    8 never executed
branch  9 never executed
branch 10 never executed
call   11 never executed
branch 12 never executed
branch 13 never executed
call   14 never executed
branch 15 never executed
branch 16 never executed
call   17 never executed
branch 18 never executed
branch 19 never executed
call   20 never executed
branch 21 never executed
branch 22 never executed
call   23 never executed
branch 24 taken 100% (fallthrough)
branch 25 taken 0% (throw)
call   26 returned 100%
branch 27 taken 100%
branch 28 taken 0%
call   29 never executed
call   30 never executed
call   31 never executed
branch 32 taken 100% (fallthrough)
branch 33 taken 0% (throw)
call   34 returned 100%
call   35 returned 100%
branch 36 taken 0% (fallthrough)
branch 37 taken 100%
branch 38 never executed
branch 39 never executed
call   40 never executed
branch 41 never executed
branch 42 never executed
call   43 never executed
branch 44 never executed
branch 45 never executed
call   46 never executed
branch 47 never executed
branch 48 never executed
call   49 never executed
branch 50 never executed
branch 51 never executed
call   52 never executed
branch 53 never executed
branch 54 never executed
call   55 never executed
branch 56 taken 100% (fallthrough)
branch 57 taken 0% (throw)
call   58 returned 100%
branch 59 taken 100%
branch 60 taken 0%
call   61 never executed
call   62 never executed
call   63 never executed
        8:  207:    ASSERT_EQ(true, p2.second);
branch  0 taken 100% (fallthrough)
branch  1 taken 0% (throw)
call    2 returned 100%
call    3 returned 100%
branch  4 taken 0% (fallthrough)
branch  5 taken 100%
branch  6 never executed
branch  7 never executed
call    8 never executed
branch  9 never executed
branch 10 never executed
call   11 never executed
branch 12 never executed
branch 13 never executed
call   14 never executed
branch 15 never executed
branch 16 never executed
call   17 never executed
branch 18 never executed
branch 19 never executed
call   20 never executed
branch 21 never executed
branch 22 never executed
call   23 never executed
branch 24 taken 100% (fallthrough)
branch 25 taken 0% (throw)
call   26 returned 100%
branch 27 taken 100%
branch 28 taken 0%
call   29 never executed
call   30 never executed
call   31 never executed
branch 32 taken 100% (fallthrough)
branch 33 taken 0% (throw)
call   34 returned 100%
call   35 returned 100%
branch 36 taken 0% (fallthrough)
branch 37 taken 100%
branch 38 never executed
branch 39 never executed
call   40 never executed
branch 41 never executed
branch 42 never executed
call   43 never executed
branch 44 never executed
branch 45 never executed
call   46 never executed
branch 47 never executed
branch 48 never executed
call   49 never executed
branch 50 never executed
branch 51 never executed
call   52 never executed
branch 53 never executed
branch 54 never executed
call   55 never executed
branch 56 taken 100% (fallthrough)
branch 57 taken 0% (throw)
call   58 returned 100%
branch 59 taken 100%
branch 60 taken 0%
call   61 never executed
call   62 never executed
call   63 never executed
        -:  208:
        8:  209:    edges_size_type es = num_edges(g);
branch  0 taken 100% (fallthrough)
branch  1 taken 0% (throw)
call    2 returned 100%
call    3 returned 100%
        8:  210:    ASSERT_EQ(1, es);
branch  0 taken 100% (fallthrough)
branch  1 taken 0% (throw)
call    2 returned 100%
call    3 returned 100%
branch  4 taken 0% (fallthrough)
branch  5 taken 100%
branch  6 never executed
branch  7 never executed
call    8 never executed
branch  9 never executed
branch 10 never executed
call   11 never executed
branch 12 never executed
branch 13 never executed
call   14 never executed
branch 15 never executed
branch 16 never executed
call   17 never executed
branch 18 never executed
branch 19 never executed
call   20 never executed
branch 21 never executed
branch 22 never executed
call   23 never executed
branch 24 taken 100% (fallthrough)
branch 25 taken 0% (throw)
call   26 returned 100%
branch 27 taken 100%
branch 28 taken 0%
call   29 never executed
call   30 never executed
call   31 never executed
branch 32 taken 100% (fallthrough)
branch 33 taken 0% (throw)
call   34 returned 100%
call   35 returned 100%
branch 36 taken 0% (fallthrough)
branch 37 taken 100%
branch 38 never executed
branch 39 never executed
call   40 never executed
branch 41 never executed
branch 42 never executed
call   43 never executed
branch 44 never executed
branch 45 never executed
call   46 never executed
branch 47 never executed
branch 48 never executed
call   49 never executed
branch 50 never executed
branch 51 never executed
call   52 never executed
branch 53 never executed
branch 54 never executed
call   55 never executed
branch 56 taken 100% (fallthrough)
branch 57 taken 0% (throw)
call   58 returned 100%
branch 59 taken 100%
branch 60 taken 0%
call   61 never executed
call   62 never executed
call   63 never executed
        -:  211:
        8:  212:    vertex_descriptor vd1 = source(edAB, g);
call    0 returned 100%
call    1 returned 100%
        8:  213:    ASSERT_EQ(vdA, vd1);
branch  0 taken 100% (fallthrough)
branch  1 taken 0% (throw)
call    2 returned 100%
call    3 returned 100%
branch  4 taken 0% (fallthrough)
branch  5 taken 100%
branch  6 never executed
branch  7 never executed
call    8 never executed
branch  9 never executed
branch 10 never executed
call   11 never executed
branch 12 never executed
branch 13 never executed
call   14 never executed
branch 15 never executed
branch 16 never executed
call   17 never executed
branch 18 never executed
branch 19 never executed
call   20 never executed
branch 21 never executed
branch 22 never executed
call   23 never executed
branch 24 taken 100% (fallthrough)
branch 25 taken 0% (throw)
call   26 returned 100%
branch 27 taken 100%
branch 28 taken 0%
call   29 never executed
call   30 never executed
call   31 never executed
branch 32 taken 100% (fallthrough)
branch 33 taken 0% (throw)
call   34 returned 100%
call   35 returned 100%
branch 36 taken 0% (fallthrough)
branch 37 taken 100%
branch 38 never executed
branch 39 never executed
call   40 never executed
branch 41 never executed
branch 42 never executed
call   43 never executed
branch 44 never executed
branch 45 never executed
call   46 never executed
branch 47 never executed
branch 48 never executed
call   49 never executed
branch 50 never executed
branch 51 never executed
call   52 never executed
branch 53 never executed
branch 54 never executed
call   55 never executed
branch 56 taken 100% (fallthrough)
branch 57 taken 0% (throw)
call   58 returned 100%
branch 59 taken 100%
branch 60 taken 0%
call   61 never executed
call   62 never executed
call   63 never executed
        -:  214:
        8:  215:    vertex_descriptor vd2 = target(edAB, g);
call    0 returned 100%
call    1 returned 100%
        8:  216:    ASSERT_EQ(vdB, vd2);
branch  0 taken 100% (fallthrough)
branch  1 taken 0% (throw)
call    2 returned 100%
call    3 returned 100%
branch  4 taken 0% (fallthrough)
branch  5 taken 100%
branch  6 never executed
branch  7 never executed
call    8 never executed
branch  9 never executed
branch 10 never executed
call   11 never executed
branch 12 never executed
branch 13 never executed
call   14 never executed
branch 15 never executed
branch 16 never executed
call   17 never executed
branch 18 never executed
branch 19 never executed
call   20 never executed
branch 21 never executed
branch 22 never executed
call   23 never executed
branch 24 taken 100% (fallthrough)
branch 25 taken 0% (throw)
call   26 returned 100%
branch 27 taken 100%
branch 28 taken 0%
branch 29 taken 100% (fallthrough)
branch 30 taken 0% (throw)
call   31 returned 100%
branch 32 taken 100%
branch 33 taken 0%
call   34 never executed
call   35 never executed
call   36 never executed
call   37 never executed
call   38 never executed
branch 39 taken 100% (fallthrough)
branch 40 taken 0% (throw)
call   41 returned 100%
call   42 returned 100%
branch 43 taken 0% (fallthrough)
branch 44 taken 100%
branch 45 never executed
branch 46 never executed
call   47 never executed
branch 48 never executed
branch 49 never executed
call   50 never executed
branch 51 never executed
branch 52 never executed
call   53 never executed
branch 54 never executed
branch 55 never executed
call   56 never executed
branch 57 never executed
branch 58 never executed
call   59 never executed
branch 60 never executed
branch 61 never executed
call   62 never executed
branch 63 taken 100% (fallthrough)
branch 64 taken 0% (throw)
call   65 returned 100%
branch 66 taken 100%
branch 67 taken 0%
call   68 returned 100%
branch 69 taken 100%
branch 70 taken 0%
call   71 never executed
call   72 never executed
call   73 never executed
call   74 never executed
call   75 never executed
        -:  217:}
        -:  218:
function _ZN25TestGraph_Add_Edge_2_TestIN5boost14adjacency_listINS0_4setSENS0_4vecSENS0_9directedSENS0_11no_propertyES5_S5_NS0_5listSEEEE8TestBodyEv called 4 returned 100% blocks executed 33%
function _ZN25TestGraph_Add_Edge_2_TestI5GraphE8TestBodyEv called 4 returned 100% blocks executed 33%
function _ZN25TestGraph_Add_Edge_2_TestIN5boost14adjacency_listINS0_4setSENS0_4vecSENS0_9directedSENS0_11no_propertyES5_S5_NS0_5listSEEEED0Ev called 4 returned 100% blocks executed 100%
function _ZN25TestGraph_Add_Edge_2_TestIN5boost14adjacency_listINS0_4setSENS0_4vecSENS0_9directedSENS0_11no_propertyES5_S5_NS0_5listSEEEED2Ev called 4 returned 100% blocks executed 75%
function _ZN25TestGraph_Add_Edge_2_TestI5GraphED0Ev called 4 returned 100% blocks executed 100%
function _ZN25TestGraph_Add_Edge_2_TestI5GraphED2Ev called 4 returned 100% blocks executed 75%
function _ZN25TestGraph_Add_Edge_2_TestIN5boost14adjacency_listINS0_4setSENS0_4vecSENS0_9directedSENS0_11no_propertyES5_S5_NS0_5listSEEEEC2Ev called 4 returned 100% blocks executed 100%
function _ZN25TestGraph_Add_Edge_2_TestI5GraphEC2Ev called 4 returned 100% blocks executed 100%
       36:  219:TYPED_TEST(TestGraph, Add_Edge_2) {
call    0 returned 100%
call    1 returned 100%
call    2 returned 100%
branch  3 taken 0% (fallthrough)
branch  4 taken 100%
call    5 never executed
call    6 returned 100%
call    7 returned 100%
call    8 returned 100%
branch  9 taken 0% (fallthrough)
branch 10 taken 100%
call   11 never executed
call   12 returned 100%
call   13 returned 100%
call   14 returned 100%
        -:  220:    ALL_TYPEDEF
        -:  221:
        8:  222:    graph_type g;
branch  0 taken 100% (fallthrough)
branch  1 taken 0% (throw)
call    2 returned 100%
branch  3 taken 100% (fallthrough)
branch  4 taken 0% (throw)
call    5 returned 100%
        -:  223:
        8:  224:    vertex_descriptor vdA = add_vertex(g);
branch  0 taken 100% (fallthrough)
branch  1 taken 0% (throw)
call    2 returned 100%
branch  3 taken 100% (fallthrough)
branch  4 taken 0% (throw)
call    5 returned 100%
        8:  225:    vertex_descriptor vdB = add_vertex(g);
branch  0 taken 100% (fallthrough)
branch  1 taken 0% (throw)
call    2 returned 100%
branch  3 taken 100% (fallthrough)
branch  4 taken 0% (throw)
call    5 returned 100%
        -:  226:
        8:  227:    edge_descriptor edAB = add_edge(vdA, vdB, g).first;
branch  0 taken 100% (fallthrough)
branch  1 taken 0% (throw)
call    2 returned 100%
branch  3 taken 100% (fallthrough)
branch  4 taken 0% (throw)
call    5 returned 100%
        -:  228:
        8:  229:    pair<edge_descriptor, bool> p1 = add_edge(vdA, vdB, g);
branch  0 taken 100% (fallthrough)
branch  1 taken 0% (throw)
call    2 returned 100%
branch  3 taken 100% (fallthrough)
branch  4 taken 0% (throw)
call    5 returned 100%
        8:  230:    ASSERT_EQ(edAB,  p1.first);
branch  0 taken 100% (fallthrough)
branch  1 taken 0% (throw)
call    2 returned 100%
call    3 returned 100%
branch  4 taken 0% (fallthrough)
branch  5 taken 100%
branch  6 never executed
branch  7 never executed
call    8 never executed
branch  9 never executed
branch 10 never executed
call   11 never executed
branch 12 never executed
branch 13 never executed
call   14 never executed
branch 15 never executed
branch 16 never executed
call   17 never executed
branch 18 never executed
branch 19 never executed
call   20 never executed
branch 21 never executed
branch 22 never executed
call   23 never executed
branch 24 taken 100% (fallthrough)
branch 25 taken 0% (throw)
call   26 returned 100%
branch 27 taken 100%
branch 28 taken 0%
call   29 never executed
call   30 never executed
call   31 never executed
branch 32 taken 100% (fallthrough)
branch 33 taken 0% (throw)
call   34 returned 100%
call   35 returned 100%
branch 36 taken 0% (fallthrough)
branch 37 taken 100%
branch 38 never executed
branch 39 never executed
call   40 never executed
branch 41 never executed
branch 42 never executed
call   43 never executed
branch 44 never executed
branch 45 never executed
call   46 never executed
branch 47 never executed
branch 48 never executed
call   49 never executed
branch 50 never executed
branch 51 never executed
call   52 never executed
branch 53 never executed
branch 54 never executed
call   55 never executed
branch 56 taken 100% (fallthrough)
branch 57 taken 0% (throw)
call   58 returned 100%
branch 59 taken 100%
branch 60 taken 0%
call   61 never executed
call   62 never executed
call   63 never executed
        8:  231:    ASSERT_EQ(false, p1.second);
branch  0 taken 100% (fallthrough)
branch  1 taken 0% (throw)
call    2 returned 100%
call    3 returned 100%
branch  4 taken 0% (fallthrough)
branch  5 taken 100%
branch  6 never executed
branch  7 never executed
call    8 never executed
branch  9 never executed
branch 10 never executed
call   11 never executed
branch 12 never executed
branch 13 never executed
call   14 never executed
branch 15 never executed
branch 16 never executed
call   17 never executed
branch 18 never executed
branch 19 never executed
call   20 never executed
branch 21 never executed
branch 22 never executed
call   23 never executed
branch 24 taken 100% (fallthrough)
branch 25 taken 0% (throw)
call   26 returned 100%
branch 27 taken 100%
branch 28 taken 0%
call   29 never executed
call   30 never executed
call   31 never executed
branch 32 taken 100% (fallthrough)
branch 33 taken 0% (throw)
call   34 returned 100%
call   35 returned 100%
branch 36 taken 0% (fallthrough)
branch 37 taken 100%
branch 38 never executed
branch 39 never executed
call   40 never executed
branch 41 never executed
branch 42 never executed
call   43 never executed
branch 44 never executed
branch 45 never executed
call   46 never executed
branch 47 never executed
branch 48 never executed
call   49 never executed
branch 50 never executed
branch 51 never executed
call   52 never executed
branch 53 never executed
branch 54 never executed
call   55 never executed
branch 56 taken 100% (fallthrough)
branch 57 taken 0% (throw)
call   58 returned 100%
branch 59 taken 100%
branch 60 taken 0%
call   61 never executed
call   62 never executed
call   63 never executed
        -:  232:
        8:  233:    pair<edge_descriptor, bool> p2 = edge(vdA, vdB, g);
branch  0 taken 100% (fallthrough)
branch  1 taken 0% (throw)
call    2 returned 100%
branch  3 taken 100% (fallthrough)
branch  4 taken 0% (throw)
call    5 returned 100%
        8:  234:    ASSERT_EQ(edAB, p2.first);
branch  0 taken 100% (fallthrough)
branch  1 taken 0% (throw)
call    2 returned 100%
call    3 returned 100%
branch  4 taken 0% (fallthrough)
branch  5 taken 100%
branch  6 never executed
branch  7 never executed
call    8 never executed
branch  9 never executed
branch 10 never executed
call   11 never executed
branch 12 never executed
branch 13 never executed
call   14 never executed
branch 15 never executed
branch 16 never executed
call   17 never executed
branch 18 never executed
branch 19 never executed
call   20 never executed
branch 21 never executed
branch 22 never executed
call   23 never executed
branch 24 taken 100% (fallthrough)
branch 25 taken 0% (throw)
call   26 returned 100%
branch 27 taken 100%
branch 28 taken 0%
call   29 never executed
call   30 never executed
call   31 never executed
branch 32 taken 100% (fallthrough)
branch 33 taken 0% (throw)
call   34 returned 100%
call   35 returned 100%
branch 36 taken 0% (fallthrough)
branch 37 taken 100%
branch 38 never executed
branch 39 never executed
call   40 never executed
branch 41 never executed
branch 42 never executed
call   43 never executed
branch 44 never executed
branch 45 never executed
call   46 never executed
branch 47 never executed
branch 48 never executed
call   49 never executed
branch 50 never executed
branch 51 never executed
call   52 never executed
branch 53 never executed
branch 54 never executed
call   55 never executed
branch 56 taken 100% (fallthrough)
branch 57 taken 0% (throw)
call   58 returned 100%
branch 59 taken 100%
branch 60 taken 0%
call   61 never executed
call   62 never executed
call   63 never executed
        8:  235:    ASSERT_EQ(true, p2.second);
branch  0 taken 100% (fallthrough)
branch  1 taken 0% (throw)
call    2 returned 100%
call    3 returned 100%
branch  4 taken 0% (fallthrough)
branch  5 taken 100%
branch  6 never executed
branch  7 never executed
call    8 never executed
branch  9 never executed
branch 10 never executed
call   11 never executed
branch 12 never executed
branch 13 never executed
call   14 never executed
branch 15 never executed
branch 16 never executed
call   17 never executed
branch 18 never executed
branch 19 never executed
call   20 never executed
branch 21 never executed
branch 22 never executed
call   23 never executed
branch 24 taken 100% (fallthrough)
branch 25 taken 0% (throw)
call   26 returned 100%
branch 27 taken 100%
branch 28 taken 0%
call   29 never executed
call   30 never executed
call   31 never executed
branch 32 taken 100% (fallthrough)
branch 33 taken 0% (throw)
call   34 returned 100%
call   35 returned 100%
branch 36 taken 0% (fallthrough)
branch 37 taken 100%
branch 38 never executed
branch 39 never executed
call   40 never executed
branch 41 never executed
branch 42 never executed
call   43 never executed
branch 44 never executed
branch 45 never executed
call   46 never executed
branch 47 never executed
branch 48 never executed
call   49 never executed
branch 50 never executed
branch 51 never executed
call   52 never executed
branch 53 never executed
branch 54 never executed
call   55 never executed
branch 56 taken 100% (fallthrough)
branch 57 taken 0% (throw)
call   58 returned 100%
branch 59 taken 100%
branch 60 taken 0%
call   61 never executed
call   62 never executed
call   63 never executed
        -:  236:
        8:  237:    edges_size_type es = num_edges(g);
branch  0 taken 100% (fallthrough)
branch  1 taken 0% (throw)
call    2 returned 100%
call    3 returned 100%
        8:  238:    ASSERT_EQ(1, es);
branch  0 taken 100% (fallthrough)
branch  1 taken 0% (throw)
call    2 returned 100%
call    3 returned 100%
branch  4 taken 0% (fallthrough)
branch  5 taken 100%
branch  6 never executed
branch  7 never executed
call    8 never executed
branch  9 never executed
branch 10 never executed
call   11 never executed
branch 12 never executed
branch 13 never executed
call   14 never executed
branch 15 never executed
branch 16 never executed
call   17 never executed
branch 18 never executed
branch 19 never executed
call   20 never executed
branch 21 never executed
branch 22 never executed
call   23 never executed
branch 24 taken 100% (fallthrough)
branch 25 taken 0% (throw)
call   26 returned 100%
branch 27 taken 100%
branch 28 taken 0%
call   29 never executed
call   30 never executed
call   31 never executed
branch 32 taken 100% (fallthrough)
branch 33 taken 0% (throw)
call   34 returned 100%
call   35 returned 100%
branch 36 taken 0% (fallthrough)
branch 37 taken 100%
branch 38 never executed
branch 39 never executed
call   40 never executed
branch 41 never executed
branch 42 never executed
call   43 never executed
branch 44 never executed
branch 45 never executed
call   46 never executed
branch 47 never executed
branch 48 never executed
call   49 never executed
branch 50 never executed
branch 51 never executed
call   52 never executed
branch 53 never executed
branch 54 never executed
call   55 never executed
branch 56 taken 100% (fallthrough)
branch 57 taken 0% (throw)
call   58 returned 100%
branch 59 taken 100%
branch 60 taken 0%
call   61 never executed
call   62 never executed
call   63 never executed
        -:  239:
        8:  240:    vertex_descriptor vd1 = source(edAB, g);
call    0 returned 100%
call    1 returned 100%
        8:  241:    ASSERT_EQ(vdA, vd1);
branch  0 taken 100% (fallthrough)
branch  1 taken 0% (throw)
call    2 returned 100%
call    3 returned 100%
branch  4 taken 0% (fallthrough)
branch  5 taken 100%
branch  6 never executed
branch  7 never executed
call    8 never executed
branch  9 never executed
branch 10 never executed
call   11 never executed
branch 12 never executed
branch 13 never executed
call   14 never executed
branch 15 never executed
branch 16 never executed
call   17 never executed
branch 18 never executed
branch 19 never executed
call   20 never executed
branch 21 never executed
branch 22 never executed
call   23 never executed
branch 24 taken 100% (fallthrough)
branch 25 taken 0% (throw)
call   26 returned 100%
branch 27 taken 100%
branch 28 taken 0%
call   29 never executed
call   30 never executed
call   31 never executed
branch 32 taken 100% (fallthrough)
branch 33 taken 0% (throw)
call   34 returned 100%
call   35 returned 100%
branch 36 taken 0% (fallthrough)
branch 37 taken 100%
branch 38 never executed
branch 39 never executed
call   40 never executed
branch 41 never executed
branch 42 never executed
call   43 never executed
branch 44 never executed
branch 45 never executed
call   46 never executed
branch 47 never executed
branch 48 never executed
call   49 never executed
branch 50 never executed
branch 51 never executed
call   52 never executed
branch 53 never executed
branch 54 never executed
call   55 never executed
branch 56 taken 100% (fallthrough)
branch 57 taken 0% (throw)
call   58 returned 100%
branch 59 taken 100%
branch 60 taken 0%
call   61 never executed
call   62 never executed
call   63 never executed
        -:  242:
        8:  243:    vertex_descriptor vd2 = target(edAB, g);
call    0 returned 100%
call    1 returned 100%
        8:  244:    ASSERT_EQ(vdB, vd2);
branch  0 taken 100% (fallthrough)
branch  1 taken 0% (throw)
call    2 returned 100%
call    3 returned 100%
branch  4 taken 0% (fallthrough)
branch  5 taken 100%
branch  6 never executed
branch  7 never executed
call    8 never executed
branch  9 never executed
branch 10 never executed
call   11 never executed
branch 12 never executed
branch 13 never executed
call   14 never executed
branch 15 never executed
branch 16 never executed
call   17 never executed
branch 18 never executed
branch 19 never executed
call   20 never executed
branch 21 never executed
branch 22 never executed
call   23 never executed
branch 24 taken 100% (fallthrough)
branch 25 taken 0% (throw)
call   26 returned 100%
branch 27 taken 100%
branch 28 taken 0%
branch 29 taken 100% (fallthrough)
branch 30 taken 0% (throw)
call   31 returned 100%
branch 32 taken 100%
branch 33 taken 0%
call   34 never executed
call   35 never executed
call   36 never executed
call   37 never executed
call   38 never executed
branch 39 taken 100% (fallthrough)
branch 40 taken 0% (throw)
call   41 returned 100%
call   42 returned 100%
branch 43 taken 0% (fallthrough)
branch 44 taken 100%
branch 45 never executed
branch 46 never executed
call   47 never executed
branch 48 never executed
branch 49 never executed
call   50 never executed
branch 51 never executed
branch 52 never executed
call   53 never executed
branch 54 never executed
branch 55 never executed
call   56 never executed
branch 57 never executed
branch 58 never executed
call   59 never executed
branch 60 never executed
branch 61 never executed
call   62 never executed
branch 63 taken 100% (fallthrough)
branch 64 taken 0% (throw)
call   65 returned 100%
branch 66 taken 100%
branch 67 taken 0%
call   68 returned 100%
branch 69 taken 100%
branch 70 taken 0%
call   71 never executed
call   72 never executed
call   73 never executed
call   74 never executed
call   75 never executed
        -:  245:}
        -:  246:
function _ZN25TestGraph_Add_Edge_3_TestIN5boost14adjacency_listINS0_4setSENS0_4vecSENS0_9directedSENS0_11no_propertyES5_S5_NS0_5listSEEEE8TestBodyEv called 4 returned 100% blocks executed 33%
function _ZN25TestGraph_Add_Edge_3_TestI5GraphE8TestBodyEv called 4 returned 100% blocks executed 33%
function _ZN25TestGraph_Add_Edge_3_TestIN5boost14adjacency_listINS0_4setSENS0_4vecSENS0_9directedSENS0_11no_propertyES5_S5_NS0_5listSEEEED0Ev called 4 returned 100% blocks executed 100%
function _ZN25TestGraph_Add_Edge_3_TestIN5boost14adjacency_listINS0_4setSENS0_4vecSENS0_9directedSENS0_11no_propertyES5_S5_NS0_5listSEEEED2Ev called 4 returned 100% blocks executed 75%
function _ZN25TestGraph_Add_Edge_3_TestI5GraphED0Ev called 4 returned 100% blocks executed 100%
function _ZN25TestGraph_Add_Edge_3_TestI5GraphED2Ev called 4 returned 100% blocks executed 75%
function _ZN25TestGraph_Add_Edge_3_TestIN5boost14adjacency_listINS0_4setSENS0_4vecSENS0_9directedSENS0_11no_propertyES5_S5_NS0_5listSEEEEC2Ev called 4 returned 100% blocks executed 100%
function _ZN25TestGraph_Add_Edge_3_TestI5GraphEC2Ev called 4 returned 100% blocks executed 100%
       36:  247:TYPED_TEST(TestGraph, Add_Edge_3) {
call    0 returned 100%
call    1 returned 100%
call    2 returned 100%
branch  3 taken 0% (fallthrough)
branch  4 taken 100%
call    5 never executed
call    6 returned 100%
call    7 returned 100%
call    8 returned 100%
branch  9 taken 0% (fallthrough)
branch 10 taken 100%
call   11 never executed
call   12 returned 100%
call   13 returned 100%
call   14 returned 100%
        -:  248:    ALL_TYPEDEF
        -:  249:
        8:  250:    graph_type g;
branch  0 taken 100% (fallthrough)
branch  1 taken 0% (throw)
call    2 returned 100%
branch  3 taken 100% (fallthrough)
branch  4 taken 0% (throw)
call    5 returned 100%
        -:  251:
        8:  252:    vertex_descriptor vdA = add_vertex(g);
branch  0 taken 100% (fallthrough)
branch  1 taken 0% (throw)
call    2 returned 100%
branch  3 taken 100% (fallthrough)
branch  4 taken 0% (throw)
call    5 returned 100%
        8:  253:    vertex_descriptor vdB = add_vertex(g);
branch  0 taken 100% (fallthrough)
branch  1 taken 0% (throw)
call    2 returned 100%
branch  3 taken 100% (fallthrough)
branch  4 taken 0% (throw)
call    5 returned 100%
        -:  254:
        8:  255:    edge_descriptor edAB = add_edge(vdA, vdB, g).first;
branch  0 taken 100% (fallthrough)
branch  1 taken 0% (throw)
call    2 returned 100%
branch  3 taken 100% (fallthrough)
branch  4 taken 0% (throw)
call    5 returned 100%
        -:  256:
        8:  257:    pair<edge_descriptor, bool> p1 = add_edge(vdA, vdB, g);
branch  0 taken 100% (fallthrough)
branch  1 taken 0% (throw)
call    2 returned 100%
branch  3 taken 100% (fallthrough)
branch  4 taken 0% (throw)
call    5 returned 100%
        8:  258:    ASSERT_EQ(edAB,  p1.first);
branch  0 taken 100% (fallthrough)
branch  1 taken 0% (throw)
call    2 returned 100%
call    3 returned 100%
branch  4 taken 0% (fallthrough)
branch  5 taken 100%
branch  6 never executed
branch  7 never executed
call    8 never executed
branch  9 never executed
branch 10 never executed
call   11 never executed
branch 12 never executed
branch 13 never executed
call   14 never executed
branch 15 never executed
branch 16 never executed
call   17 never executed
branch 18 never executed
branch 19 never executed
call   20 never executed
branch 21 never executed
branch 22 never executed
call   23 never executed
branch 24 taken 100% (fallthrough)
branch 25 taken 0% (throw)
call   26 returned 100%
branch 27 taken 100%
branch 28 taken 0%
call   29 never executed
call   30 never executed
call   31 never executed
branch 32 taken 100% (fallthrough)
branch 33 taken 0% (throw)
call   34 returned 100%
call   35 returned 100%
branch 36 taken 0% (fallthrough)
branch 37 taken 100%
branch 38 never executed
branch 39 never executed
call   40 never executed
branch 41 never executed
branch 42 never executed
call   43 never executed
branch 44 never executed
branch 45 never executed
call   46 never executed
branch 47 never executed
branch 48 never executed
call   49 never executed
branch 50 never executed
branch 51 never executed
call   52 never executed
branch 53 never executed
branch 54 never executed
call   55 never executed
branch 56 taken 100% (fallthrough)
branch 57 taken 0% (throw)
call   58 returned 100%
branch 59 taken 100%
branch 60 taken 0%
call   61 never executed
call   62 never executed
call   63 never executed
        8:  259:    ASSERT_EQ(false, p1.second);
branch  0 taken 100% (fallthrough)
branch  1 taken 0% (throw)
call    2 returned 100%
call    3 returned 100%
branch  4 taken 0% (fallthrough)
branch  5 taken 100%
branch  6 never executed
branch  7 never executed
call    8 never executed
branch  9 never executed
branch 10 never executed
call   11 never executed
branch 12 never executed
branch 13 never executed
call   14 never executed
branch 15 never executed
branch 16 never executed
call   17 never executed
branch 18 never executed
branch 19 never executed
call   20 never executed
branch 21 never executed
branch 22 never executed
call   23 never executed
branch 24 taken 100% (fallthrough)
branch 25 taken 0% (throw)
call   26 returned 100%
branch 27 taken 100%
branch 28 taken 0%
call   29 never executed
call   30 never executed
call   31 never executed
branch 32 taken 100% (fallthrough)
branch 33 taken 0% (throw)
call   34 returned 100%
call   35 returned 100%
branch 36 taken 0% (fallthrough)
branch 37 taken 100%
branch 38 never executed
branch 39 never executed
call   40 never executed
branch 41 never executed
branch 42 never executed
call   43 never executed
branch 44 never executed
branch 45 never executed
call   46 never executed
branch 47 never executed
branch 48 never executed
call   49 never executed
branch 50 never executed
branch 51 never executed
call   52 never executed
branch 53 never executed
branch 54 never executed
call   55 never executed
branch 56 taken 100% (fallthrough)
branch 57 taken 0% (throw)
call   58 returned 100%
branch 59 taken 100%
branch 60 taken 0%
call   61 never executed
call   62 never executed
call   63 never executed
        -:  260:
        8:  261:    pair<edge_descriptor, bool> p2 = edge(vdA, vdB, g);
branch  0 taken 100% (fallthrough)
branch  1 taken 0% (throw)
call    2 returned 100%
branch  3 taken 100% (fallthrough)
branch  4 taken 0% (throw)
call    5 returned 100%
        8:  262:    ASSERT_EQ(edAB, p2.first);
branch  0 taken 100% (fallthrough)
branch  1 taken 0% (throw)
call    2 returned 100%
call    3 returned 100%
branch  4 taken 0% (fallthrough)
branch  5 taken 100%
branch  6 never executed
branch  7 never executed
call    8 never executed
branch  9 never executed
branch 10 never executed
call   11 never executed
branch 12 never executed
branch 13 never executed
call   14 never executed
branch 15 never executed
branch 16 never executed
call   17 never executed
branch 18 never executed
branch 19 never executed
call   20 never executed
branch 21 never executed
branch 22 never executed
call   23 never executed
branch 24 taken 100% (fallthrough)
branch 25 taken 0% (throw)
call   26 returned 100%
branch 27 taken 100%
branch 28 taken 0%
call   29 never executed
call   30 never executed
call   31 never executed
branch 32 taken 100% (fallthrough)
branch 33 taken 0% (throw)
call   34 returned 100%
call   35 returned 100%
branch 36 taken 0% (fallthrough)
branch 37 taken 100%
branch 38 never executed
branch 39 never executed
call   40 never executed
branch 41 never executed
branch 42 never executed
call   43 never executed
branch 44 never executed
branch 45 never executed
call   46 never executed
branch 47 never executed
branch 48 never executed
call   49 never executed
branch 50 never executed
branch 51 never executed
call   52 never executed
branch 53 never executed
branch 54 never executed
call   55 never executed
branch 56 taken 100% (fallthrough)
branch 57 taken 0% (throw)
call   58 returned 100%
branch 59 taken 100%
branch 60 taken 0%
call   61 never executed
call   62 never executed
call   63 never executed
        8:  263:    ASSERT_EQ(true, p2.second);
branch  0 taken 100% (fallthrough)
branch  1 taken 0% (throw)
call    2 returned 100%
call    3 returned 100%
branch  4 taken 0% (fallthrough)
branch  5 taken 100%
branch  6 never executed
branch  7 never executed
call    8 never executed
branch  9 never executed
branch 10 never executed
call   11 never executed
branch 12 never executed
branch 13 never executed
call   14 never executed
branch 15 never executed
branch 16 never executed
call   17 never executed
branch 18 never executed
branch 19 never executed
call   20 never executed
branch 21 never executed
branch 22 never executed
call   23 never executed
branch 24 taken 100% (fallthrough)
branch 25 taken 0% (throw)
call   26 returned 100%
branch 27 taken 100%
branch 28 taken 0%
call   29 never executed
call   30 never executed
call   31 never executed
branch 32 taken 100% (fallthrough)
branch 33 taken 0% (throw)
call   34 returned 100%
call   35 returned 100%
branch 36 taken 0% (fallthrough)
branch 37 taken 100%
branch 38 never executed
branch 39 never executed
call   40 never executed
branch 41 never executed
branch 42 never executed
call   43 never executed
branch 44 never executed
branch 45 never executed
call   46 never executed
branch 47 never executed
branch 48 never executed
call   49 never executed
branch 50 never executed
branch 51 never executed
call   52 never executed
branch 53 never executed
branch 54 never executed
call   55 never executed
branch 56 taken 100% (fallthrough)
branch 57 taken 0% (throw)
call   58 returned 100%
branch 59 taken 100%
branch 60 taken 0%
call   61 never executed
call   62 never executed
call   63 never executed
        -:  264:
        8:  265:    edges_size_type es = num_edges(g);
branch  0 taken 100% (fallthrough)
branch  1 taken 0% (throw)
call    2 returned 100%
[...]
branch 49 never executed
call   50 never executed
branch 51 never executed
branch 52 never executed
call   53 never executed
branch 54 never executed
branch 55 never executed
call   56 never executed
branch 57 never executed
branch 58 never executed
call   59 never executed
branch 60 never executed
branch 61 never executed
call   62 never executed
branch 63 taken 100% (fallthrough)
branch 64 taken 0% (throw)
call   65 returned 100%
branch 66 taken 100%
branch 67 taken 0%
call   68 returned 100%
branch 69 taken 100%
branch 70 taken 0%
call   71 never executed
call   72 never executed
call   73 never executed
call   74 never executed
call   75 never executed
        -:  843:}
        -:  844:
function _ZN25TestGraph_Vertices_3_TestIN5boost14adjacency_listINS0_4setSENS0_4vecSENS0_9directedSENS0_11no_propertyES5_S5_NS0_5listSEEEE8TestBodyEv called 4 returned 100% blocks executed 42%
function _ZN25TestGraph_Vertices_3_TestI5GraphE8TestBodyEv called 4 returned 100% blocks executed 43%
function _ZN25TestGraph_Vertices_3_TestIN5boost14adjacency_listINS0_4setSENS0_4vecSENS0_9directedSENS0_11no_propertyES5_S5_NS0_5listSEEEED0Ev called 4 returned 100% blocks executed 100%
function _ZN25TestGraph_Vertices_3_TestIN5boost14adjacency_listINS0_4setSENS0_4vecSENS0_9directedSENS0_11no_propertyES5_S5_NS0_5listSEEEED2Ev called 4 returned 100% blocks executed 75%
function _ZN25TestGraph_Vertices_3_TestI5GraphED0Ev called 4 returned 100% blocks executed 100%
function _ZN25TestGraph_Vertices_3_TestI5GraphED2Ev called 4 returned 100% blocks executed 75%
function _ZN25TestGraph_Vertices_3_TestIN5boost14adjacency_listINS0_4setSENS0_4vecSENS0_9directedSENS0_11no_propertyES5_S5_NS0_5listSEEEEC2Ev called 4 returned 100% blocks executed 100%
function _ZN25TestGraph_Vertices_3_TestI5GraphEC2Ev called 4 returned 100% blocks executed 100%
       36:  845:TYPED_TEST(TestGraph, Vertices_3) {
call    0 returned 100%
call    1 returned 100%
call    2 returned 100%
branch  3 taken 0% (fallthrough)
branch  4 taken 100%
call    5 never executed
call    6 returned 100%
call    7 returned 100%
call    8 returned 100%
branch  9 taken 0% (fallthrough)
branch 10 taken 100%
call   11 never executed
call   12 returned 100%
call   13 returned 100%
call   14 returned 100%
        -:  846:    ALL_TYPEDEF
        -:  847:
        8:  848:    graph_type g;
branch  0 taken 100% (fallthrough)
branch  1 taken 0% (throw)
call    2 returned 100%
branch  3 taken 100% (fallthrough)
branch  4 taken 0% (throw)
call    5 returned 100%
        -:  849:
        8:  850:    vertex_descriptor vdA = add_vertex(g);
branch  0 taken 100% (fallthrough)
branch  1 taken 0% (throw)
call    2 returned 100%
branch  3 taken 100% (fallthrough)
branch  4 taken 0% (throw)
call    5 returned 100%
        8:  851:    vertex_descriptor vdB = add_vertex(g);
branch  0 taken 100% (fallthrough)
branch  1 taken 0% (throw)
call    2 returned 100%
branch  3 taken 100% (fallthrough)
branch  4 taken 0% (throw)
call    5 returned 100%
        8:  852:    vertex_descriptor vdC = add_vertex(g);    
branch  0 taken 100% (fallthrough)
branch  1 taken 0% (throw)
call    2 returned 100%
branch  3 taken 100% (fallthrough)
branch  4 taken 0% (throw)
call    5 returned 100%
        8:  853:    vertex_descriptor vdD = add_vertex(g);
branch  0 taken 100% (fallthrough)
branch  1 taken 0% (throw)
call    2 returned 100%
branch  3 taken 100% (fallthrough)
branch  4 taken 0% (throw)
call    5 returned 100%
        8:  854:    vertex_descriptor vdE = add_vertex(g);
branch  0 taken 100% (fallthrough)
branch  1 taken 0% (throw)
call    2 returned 100%
branch  3 taken 100% (fallthrough)
branch  4 taken 0% (throw)
call    5 returned 100%
        8:  855:    vertex_descriptor vdF = add_vertex(g);
branch  0 taken 100% (fallthrough)
branch  1 taken 0% (throw)
call    2 returned 100%
branch  3 taken 100% (fallthrough)
branch  4 taken 0% (throw)
call    5 returned 100%
        -:  856:
        8:  857:    std::pair<vertex_iterator, vertex_iterator> p = vertices(g);
branch  0 taken 100% (fallthrough)
branch  1 taken 0% (throw)
call    2 returned 100%
call    3 returned 100%
        8:  858:    vertex_iterator                             b = p.first;
        8:  859:    vertex_iterator                             e = p.second;
        8:  860:    if (b != e) {
branch  0 taken 100% (fallthrough)
branch  1 taken 0% (throw)
call    2 returned 100%
branch  3 taken 100% (fallthrough)
branch  4 taken 0%
call    5 returned 100%
branch  6 taken 100% (fallthrough)
branch  7 taken 0%
        8:  861:        vertex_descriptor vd = *b;
branch  0 taken 100% (fallthrough)
branch  1 taken 0% (throw)
call    2 returned 100%
call    3 returned 100%
        8:  862:        ASSERT_EQ(vdA, vd);}
branch  0 taken 100% (fallthrough)
branch  1 taken 0% (throw)
call    2 returned 100%
call    3 returned 100%
branch  4 taken 0% (fallthrough)
branch  5 taken 100%
branch  6 never executed
branch  7 never executed
call    8 never executed
branch  9 never executed
branch 10 never executed
call   11 never executed
branch 12 never executed
branch 13 never executed
call   14 never executed
branch 15 never executed
branch 16 never executed
call   17 never executed
branch 18 never executed
branch 19 never executed
call   20 never executed
branch 21 never executed
branch 22 never executed
call   23 never executed
branch 24 taken 100% (fallthrough)
branch 25 taken 0% (throw)
call   26 returned 100%
branch 27 taken 100%
branch 28 taken 0%
call   29 never executed
call   30 never executed
call   31 never executed
branch 32 taken 100% (fallthrough)
branch 33 taken 0% (throw)
call   34 returned 100%
call   35 returned 100%
branch 36 taken 0% (fallthrough)
branch 37 taken 100%
branch 38 never executed
branch 39 never executed
call   40 never executed
branch 41 never executed
branch 42 never executed
call   43 never executed
branch 44 never executed
branch 45 never executed
call   46 never executed
branch 47 never executed
branch 48 never executed
call   49 never executed
branch 50 never executed
branch 51 never executed
call   52 never executed
branch 53 never executed
branch 54 never executed
call   55 never executed
branch 56 taken 100% (fallthrough)
branch 57 taken 0% (throw)
call   58 returned 100%
branch 59 taken 100%
branch 60 taken 0%
call   61 never executed
call   62 never executed
call   63 never executed
        8:  863:    ++b;
branch  0 taken 100% (fallthrough)
branch  1 taken 0% (throw)
call    2 returned 100%
call    3 returned 100%
        8:  864:    if (b != e) {
branch  0 taken 100% (fallthrough)
branch  1 taken 0% (throw)
call    2 returned 100%
branch  3 taken 100% (fallthrough)
branch  4 taken 0%
call    5 returned 100%
branch  6 taken 100% (fallthrough)
branch  7 taken 0%
        8:  865:        vertex_descriptor vd = *b;
branch  0 taken 100% (fallthrough)
branch  1 taken 0% (throw)
call    2 returned 100%
call    3 returned 100%
        8:  866:        ASSERT_EQ(vdB, vd);}
branch  0 taken 100% (fallthrough)
branch  1 taken 0% (throw)
call    2 returned 100%
call    3 returned 100%
branch  4 taken 0% (fallthrough)
branch  5 taken 100%
branch  6 never executed
branch  7 never executed
call    8 never executed
branch  9 never executed
branch 10 never executed
call   11 never executed
branch 12 never executed
branch 13 never executed
call   14 never executed
branch 15 never executed
branch 16 never executed
call   17 never executed
branch 18 never executed
branch 19 never executed
call   20 never executed
branch 21 never executed
branch 22 never executed
call   23 never executed
branch 24 taken 100% (fallthrough)
branch 25 taken 0% (throw)
call   26 returned 100%
branch 27 taken 100%
branch 28 taken 0%
call   29 never executed
call   30 never executed
call   31 never executed
branch 32 taken 100% (fallthrough)
branch 33 taken 0% (throw)
call   34 returned 100%
call   35 returned 100%
branch 36 taken 0% (fallthrough)
branch 37 taken 100%
branch 38 never executed
branch 39 never executed
call   40 never executed
branch 41 never executed
branch 42 never executed
call   43 never executed
branch 44 never executed
branch 45 never executed
call   46 never executed
branch 47 never executed
branch 48 never executed
call   49 never executed
branch 50 never executed
branch 51 never executed
call   52 never executed
branch 53 never executed
branch 54 never executed
call   55 never executed
branch 56 taken 100% (fallthrough)
branch 57 taken 0% (throw)
call   58 returned 100%
branch 59 taken 100%
branch 60 taken 0%
call   61 never executed
call   62 never executed
call   63 never executed
        8:  867:    ++b;
branch  0 taken 100% (fallthrough)
branch  1 taken 0% (throw)
call    2 returned 100%
call    3 returned 100%
        8:  868:    if (b != e) {
branch  0 taken 100% (fallthrough)
branch  1 taken 0% (throw)
call    2 returned 100%
branch  3 taken 100% (fallthrough)
branch  4 taken 0%
call    5 returned 100%
branch  6 taken 100% (fallthrough)
branch  7 taken 0%
        8:  869:        vertex_descriptor vd = *b;
branch  0 taken 100% (fallthrough)
branch  1 taken 0% (throw)
call    2 returned 100%
call    3 returned 100%
        8:  870:        ASSERT_EQ(vdC, vd);}
branch  0 taken 100% (fallthrough)
branch  1 taken 0% (throw)
call    2 returned 100%
call    3 returned 100%
branch  4 taken 0% (fallthrough)
branch  5 taken 100%
branch  6 never executed
branch  7 never executed
call    8 never executed
branch  9 never executed
branch 10 never executed
call   11 never executed
branch 12 never executed
branch 13 never executed
call   14 never executed
branch 15 never executed
branch 16 never executed
call   17 never executed
branch 18 never executed
branch 19 never executed
call   20 never executed
branch 21 never executed
branch 22 never executed
call   23 never executed
branch 24 taken 100% (fallthrough)
branch 25 taken 0% (throw)
call   26 returned 100%
branch 27 taken 100%
branch 28 taken 0%
call   29 never executed
call   30 never executed
call   31 never executed
branch 32 taken 100% (fallthrough)
branch 33 taken 0% (throw)
call   34 returned 100%
call   35 returned 100%
branch 36 taken 0% (fallthrough)
branch 37 taken 100%
branch 38 never executed
branch 39 never executed
call   40 never executed
branch 41 never executed
branch 42 never executed
call   43 never executed
branch 44 never executed
branch 45 never executed
call   46 never executed
branch 47 never executed
branch 48 never executed
call   49 never executed
branch 50 never executed
branch 51 never executed
call   52 never executed
branch 53 never executed
branch 54 never executed
call   55 never executed
branch 56 taken 100% (fallthrough)
branch 57 taken 0% (throw)
call   58 returned 100%
branch 59 taken 100%
branch 60 taken 0%
call   61 never executed
call   62 never executed
call   63 never executed
        8:  871:    ++b;
branch  0 taken 100% (fallthrough)
branch  1 taken 0% (throw)
call    2 returned 100%
call    3 returned 100%
        8:  872:    if (b != e) {
branch  0 taken 100% (fallthrough)
branch  1 taken 0% (throw)
call    2 returned 100%
branch  3 taken 100% (fallthrough)
branch  4 taken 0%
call    5 returned 100%
branch  6 taken 100% (fallthrough)
branch  7 taken 0%
        8:  873:        vertex_descriptor vd = *b;
branch  0 taken 100% (fallthrough)
branch  1 taken 0% (throw)
call    2 returned 100%
call    3 returned 100%
        8:  874:        ASSERT_EQ(vdD, vd);}
branch  0 taken 100% (fallthrough)
branch  1 taken 0% (throw)
call    2 returned 100%
call    3 returned 100%
branch  4 taken 0% (fallthrough)
branch  5 taken 100%
branch  6 never executed
branch  7 never executed
call    8 never executed
branch  9 never executed
branch 10 never executed
call   11 never executed
branch 12 never executed
branch 13 never executed
call   14 never executed
branch 15 never executed
branch 16 never executed
call   17 never executed
branch 18 never executed
branch 19 never executed
call   20 never executed
branch 21 never executed
branch 22 never executed
call   23 never executed
branch 24 taken 100% (fallthrough)
branch 25 taken 0% (throw)
call   26 returned 100%
branch 27 taken 100%
branch 28 taken 0%
call   29 never executed
call   30 never executed
call   31 never executed
branch 32 taken 100% (fallthrough)
branch 33 taken 0% (throw)
call   34 returned 100%
call   35 returned 100%
branch 36 taken 0% (fallthrough)
branch 37 taken 100%
branch 38 never executed
branch 39 never executed
call   40 never executed
branch 41 never executed
branch 42 never executed
call   43 never executed
branch 44 never executed
branch 45 never executed
call   46 never executed
branch 47 never executed
branch 48 never executed
call   49 never executed
branch 50 never executed
branch 51 never executed
call   52 never executed
branch 53 never executed
branch 54 never executed
call   55 never executed
branch 56 taken 100% (fallthrough)
branch 57 taken 0% (throw)
call   58 returned 100%
branch 59 taken 100%
branch 60 taken 0%
call   61 never executed
call   62 never executed
call   63 never executed
        8:  875:    ++b;
branch  0 taken 100% (fallthrough)
branch  1 taken 0% (throw)
call    2 returned 100%
call    3 returned 100%
        8:  876:    if (b != e) {
branch  0 taken 100% (fallthrough)
branch  1 taken 0% (throw)
call    2 returned 100%
branch  3 taken 100% (fallthrough)
branch  4 taken 0%
call    5 returned 100%
branch  6 taken 100% (fallthrough)
branch  7 taken 0%
        8:  877:        vertex_descriptor vd = *b;
branch  0 taken 100% (fallthrough)
branch  1 taken 0% (throw)
call    2 returned 100%
call    3 returned 100%
        8:  878:        ASSERT_EQ(vdE, vd);}
branch  0 taken 100% (fallthrough)
branch  1 taken 0% (throw)
call    2 returned 100%
call    3 returned 100%
branch  4 taken 0% (fallthrough)
branch  5 taken 100%
branch  6 never executed
branch  7 never executed
call    8 never executed
branch  9 never executed
branch 10 never executed
call   11 never executed
branch 12 never executed
branch 13 never executed
call   14 never executed
branch 15 never executed
branch 16 never executed
call   17 never executed
branch 18 never executed
branch 19 never executed
call   20 never executed
branch 21 never executed
branch 22 never executed
call   23 never executed
branch 24 taken 100% (fallthrough)
branch 25 taken 0% (throw)
call   26 returned 100%
branch 27 taken 100%
branch 28 taken 0%
call   29 never executed
call   30 never executed
call   31 never executed
branch 32 taken 100% (fallthrough)
branch 33 taken 0% (throw)
call   34 returned 100%
call   35 returned 100%
branch 36 taken 0% (fallthrough)
branch 37 taken 100%
branch 38 never executed
branch 39 never executed
call   40 never executed
branch 41 never executed
branch 42 never executed
call   43 never executed
branch 44 never executed
branch 45 never executed
call   46 never executed
branch 47 never executed
branch 48 never executed
call   49 never executed
branch 50 never executed
branch 51 never executed
call   52 never executed
branch 53 never executed
branch 54 never executed
call   55 never executed
branch 56 taken 100% (fallthrough)
branch 57 taken 0% (throw)
call   58 returned 100%
branch 59 taken 100%
branch 60 taken 0%
call   61 never executed
call   62 never executed
call   63 never executed
        8:  879:    ++b;
branch  0 taken 100% (fallthrough)
branch  1 taken 0% (throw)
call    2 returned 100%
call    3 returned 100%
        8:  880:    if (b != e) {
branch  0 taken 100% (fallthrough)
branch  1 taken 0% (throw)
call    2 returned 100%
branch  3 taken 100% (fallthrough)
branch  4 taken 0%
call    5 returned 100%
branch  6 taken 100% (fallthrough)
branch  7 taken 0%
        8:  881:        vertex_descriptor vd = *b;
branch  0 taken 100% (fallthrough)
branch  1 taken 0% (throw)
call    2 returned 100%
call    3 returned 100%
        8:  882:        ASSERT_EQ(vdF, vd);}
branch  0 taken 100% (fallthrough)
branch  1 taken 0% (throw)
call    2 returned 100%
call    3 returned 100%
branch  4 taken 0% (fallthrough)
branch  5 taken 100%
branch  6 never executed
branch  7 never executed
call    8 never executed
branch  9 never executed
branch 10 never executed
call   11 never executed
branch 12 never executed
branch 13 never executed
call   14 never executed
branch 15 never executed
branch 16 never executed
call   17 never executed
branch 18 never executed
branch 19 never executed
call   20 never executed
branch 21 never executed
branch 22 never executed
call   23 never executed
branch 24 taken 100% (fallthrough)
branch 25 taken 0% (throw)
call   26 returned 100%
branch 27 taken 100%
branch 28 taken 0%
call   29 never executed
call   30 never executed
call   31 never executed
branch 32 taken 100% (fallthrough)
branch 33 taken 0% (throw)
call   34 returned 100%
call   35 returned 100%
branch 36 taken 0% (fallthrough)
branch 37 taken 100%
branch 38 never executed
branch 39 never executed
call   40 never executed
branch 41 never executed
branch 42 never executed
call   43 never executed
branch 44 never executed
branch 45 never executed
call   46 never executed
branch 47 never executed
branch 48 never executed
call   49 never executed
branch 50 never executed
branch 51 never executed
call   52 never executed
branch 53 never executed
branch 54 never executed
call   55 never executed
branch 56 taken 100% (fallthrough)
branch 57 taken 0% (throw)
call   58 returned 100%
branch 59 taken 100%
branch 60 taken 0%
call   61 never executed
call   62 never executed
call   63 never executed
        8:  883:    ++b;
branch  0 taken 100% (fallthrough)
branch  1 taken 0% (throw)
call    2 returned 100%
call    3 returned 100%
        8:  884:    ASSERT_EQ(e, b);
branch  0 taken 100% (fallthrough)
branch  1 taken 0% (throw)
call    2 returned 100%
call    3 returned 100%
branch  4 taken 0% (fallthrough)
branch  5 taken 100%
branch  6 never executed
branch  7 never executed
call    8 never executed
branch  9 never executed
branch 10 never executed
call   11 never executed
branch 12 never executed
branch 13 never executed
call   14 never executed
branch 15 never executed
branch 16 never executed
call   17 never executed
branch 18 never executed
branch 19 never executed
call   20 never executed
branch 21 never executed
branch 22 never executed
call   23 never executed
branch 24 taken 100% (fallthrough)
branch 25 taken 0% (throw)
call   26 returned 100%
branch 27 taken 100%
branch 28 taken 0%
branch 29 taken 100% (fallthrough)
branch 30 taken 0% (throw)
call   31 returned 100%
branch 32 taken 100%
branch 33 taken 0%
call   34 never executed
call   35 never executed
call   36 never executed
call   37 never executed
call   38 never executed
branch 39 taken 100% (fallthrough)
branch 40 taken 0% (throw)
call   41 returned 100%
call   42 returned 100%
branch 43 taken 0% (fallthrough)
branch 44 taken 100%
branch 45 never executed
branch 46 never executed
call   47 never executed
branch 48 never executed
branch 49 never executed
call   50 never executed
branch 51 never executed
branch 52 never executed
call   53 never executed
branch 54 never executed
branch 55 never executed
call   56 never executed
branch 57 never executed
branch 58 never executed
call   59 never executed
branch 60 never executed
branch 61 never executed
call   62 never executed
branch 63 taken 100% (fallthrough)
branch 64 taken 0% (throw)
call   65 returned 100%
branch 66 taken 100%
branch 67 taken 0%
call   68 returned 100%
branch 69 taken 100%
branch 70 taken 0%
call   71 never executed
call   72 never executed
call   73 never executed
call   74 never executed
call   75 never executed
function _GLOBAL__sub_I_gtest_TestGraph_Add_Vertex_1_registered_ called 4 returned 100% blocks executed 100%
function _Z41__static_initialization_and_destruction_0ii called 4 returned 100% blocks executed 100%
       12:  885:}
call    0 returned 100%
branch  1 taken 100% (fallthrough)
branch  2 taken 0%
branch  3 taken 100% (fallthrough)
branch  4 taken 0%
        -:  886:
        -:  887:
